#
# A fatal error has been detected by the Java Runtime Environment:
#
#  EXCEPTION_ACCESS_VIOLATION (0xc0000005) at pc=0x00007ffd183026c4, pid=16656, tid=27204
#
# JRE version: OpenJDK Runtime Environment (24.0+36) (build 24+36-3646)
# Java VM: OpenJDK 64-Bit Server VM (24+36-3646, mixed mode, sharing, tiered, compressed oops, compressed class ptrs, g1 gc, windows-amd64)
# Problematic frame:
# C  [libasyncProfiler.dll+0x926c4]
#
# No core dump will be written. Minidumps are not enabled by default on client versions of Windows
#
# JFR recording file will be written. Location: C:\Users\gabri\OneDrive\Desktop\Dise隳 de experimentos\backend\hs_err_pid16656.jfr
#
# If you would like to submit a bug report, please visit:
#   https://bugreport.java.com/bugreport/crash.jsp
# The crash happened outside the Java Virtual Machine in native code.
# See problematic frame for where to report the bug.
#

---------------  S U M M A R Y ------------

Command Line: -javaagent:C:\Users\gabri\AppData\Local\JetBrains\IntelliJIdea2025.1\captureAgent\debugger-agent.jar=file:///C:/Users/gabri/AppData/Local/Temp/capture449426166865993136.props -ea -Didea.test.cyclic.buffer.size=1048576 -javaagent:C:\Users\gabri\AppData\Local\Programs\IntelliJ IDEA Ultimate\lib\idea_rt.jar=64146 -Dkotlinx.coroutines.debug.enable.creation.stack.trace=false -Ddebugger.agent.enable.coroutines=true -Dkotlinx.coroutines.debug.enable.flows.stack.trace=true -Dkotlinx.coroutines.debug.enable.mutable.state.flows.stack.trace=true -agentpath:C:\Users\gabri\AppData\Local\Temp\idea_libasyncProfiler_dll_temp_folder\libasyncProfiler.dll=start,jfr,event=wall,interval=10ms,jfrsync=profile,cstack=no,file=C:\Users\gabri\IdeaSnapshots\ReviewsControllerIntegrationTest_2026_05_14_140627.jfr,dbghelppath=C:\Users\gabri\AppData\Local\Temp\idea_dbghelp_dll_temp_folder\dbghelp.dll,log=C:\Users\gabri\AppData\Local\Temp\ReviewsControllerIntegrationTest_2026_05_14_140627.jfr.log.txt,logLevel=DEBUG -Dfile.encoding=UTF-8 -Dsun.stdout.encoding=UTF-8 -Dsun.stderr.encoding=UTF-8 com.intellij.rt.junit.JUnitStarter -ideVersion5 -junit5 com.paxtech.utime.platform.reviews.interfaces.rest.ReviewsControllerIntegrationTest

Host: 13th Gen Intel(R) Core(TM) i7-13700H, 20 cores, 15G,  Windows 11 , 64 bit Build 26100 (10.0.26100.8328)
Time: Thu May 14 14:06:29 2026 SA Pacific Standard Time elapsed time: 1.414135 seconds (0d 0h 0m 1s)

---------------  T H R E A D  ---------------

Current thread (0x000001f4bf2026e0):  JavaThread "main"             [_thread_in_native, id=27204, stack(0x0000000ef1a00000,0x0000000ef1b00000) (1024K)]

Stack: [0x0000000ef1a00000,0x0000000ef1b00000],  sp=0x0000000ef1afea70,  free space=1018k
Native frames: (J=compiled Java code, j=interpreted, Vv=VM code, C=native code)
C  [libasyncProfiler.dll+0x926c4]  (no source info available)
C  [libasyncProfiler.dll+0x92b9b]  (no source info available)
C  [libasyncProfiler.dll+0x917f4]  (no source info available)
C  [libasyncProfiler.dll+0x9206a]  (no source info available)
C  [libasyncProfiler.dll+0x8cc21]  (no source info available)
C  [libasyncProfiler.dll+0x7e5e1]  (no source info available)
C  [libasyncProfiler.dll+0x7d2f8]  (no source info available)
C  [libasyncProfiler.dll+0x7d1e0]  (no source info available)
C  [libasyncProfiler.dll+0x832fc]  (no source info available)
V  [jvm.dll+0x5e3a5e]  (no source info available)
V  [jvm.dll+0x8861e6]  (no source info available)
V  [jvm.dll+0x49604e]  (no source info available)
V  [jvm.dll+0x497e21]  (no source info available)
C  [jli.dll+0x52a1]  (no source info available)
C  [ucrtbase.dll+0x37b0]  (no source info available)
C  [KERNEL32.DLL+0x2e957]  (no source info available)
C  [ntdll.dll+0x427c]  (no source info available)


siginfo: EXCEPTION_ACCESS_VIOLATION (0xc0000005), reading address 0xffffffffffffffff


Registers:
RAX=0x0000000000000010, RBX=0x0000000000000000, RCX=0xffffffffffffffff, RDX=0x007ffca4112ff010
RSP=0x0000000ef1afea70, RBP=0x000001f52613dcd8, RSI=0x0000000ef1afebe0, RDI=0x000001f52613dcd8
R8 =0x0000000000000042, R9 =0x0000000714601ee8, R10=0x00007ffca4389fc0, R11=0x0000000000000004
R12=0x0000000ef1afebe0, R13=0x000001f4bf677c90, R14=0x000001f4bf202aa8, R15=0x000001f4bf202aa8
RIP=0x00007ffd183026c4, EFLAGS=0x0000000000010202

XMM[0]=0x0000000000000000 0x0000000000000000
XMM[1]=0x0000000000000000 0x0000000000000000
XMM[2]=0x0000000000000000 0x0000000000000000
XMM[3]=0x0000000000000000 0x0000000000000000
XMM[4]=0x0000000000000000 0x0000000000000000
XMM[5]=0x0000000000000000 0x0000000000000000
XMM[6]=0x0000000000000000 0x0000000000000000
XMM[7]=0x0000000000000000 0x0000000000000000
XMM[8]=0x0000000000000000 0x0000000000000000
XMM[9]=0x0000000000000000 0x0000000000000000
XMM[10]=0x0000000000000000 0x0000000000000000
XMM[11]=0x0000000000000000 0x0000000000000000
XMM[12]=0x0000000000000000 0x0000000000000000
XMM[13]=0x0000000000000000 0x0000000000000000
XMM[14]=0x0000000000000000 0x0000000000000000
XMM[15]=0x0000000000000000 0x0000000000000000
  MXCSR=0x00001fa0


Register to memory mapping:

RAX=0x0000000000000010 is an unknown value
RBX=0x0 is null
RCX=0xffffffffffffffff is an unknown value
RDX=0x007ffca4112ff010 is an unknown value
RSP=0x0000000ef1afea70 is pointing into the stack for thread: 0x000001f4bf2026e0
RBP=0x000001f52613dcd8 points into unknown readable memory: 0x0000000714601ee8 | e8 1e 60 14 07 00 00 00
RSI=0x0000000ef1afebe0 is pointing into the stack for thread: 0x000001f4bf2026e0
RDI=0x000001f52613dcd8 points into unknown readable memory: 0x0000000714601ee8 | e8 1e 60 14 07 00 00 00
R8 =0x0000000000000042 is an unknown value
R9 =0x0000000714601ee8 is an oop: java.lang.Thread 
{0x0000000714601ee8} - klass: 'java/lang/Thread' - flags: 

 - ---- fields (total size 14 words):
 - 'threadLocalRandomProbe' 'I' @12  -1640531527 (0x9e3779b9)
 - private volatile 'eetop' 'J' @16  2150690203360 (0x000001f4bf2026e0)
 - private final 'tid' 'J' @24  3 (0x0000000000000003)
 - 'threadLocalRandomSeed' 'J' @32  1310503953414507461 (0x122fd866fc044bc5)
 - injected 'jvmti_thread_state' 'J' @40  2151250696992 (0x000001f4e0889b20)
 - 'threadLocalRandomSecondarySeed' 'I' @48  0 (0x00000000)
 - injected 'jvmti_VTMS_transition_disable_count' 'I' @52  0 (0x00000000)
 - injected 'jfr_epoch' 'S' @56  0 (0x0000)
 - volatile 'interrupted' 'Z' @58  false (0x00)
 - injected 'jvmti_is_in_VTMS_transition' 'Z' @59  false (0x00)
 - private volatile 'name' 'Ljava/lang/String;' @60  "main"{0x0000000714601f58} (0xe28c03eb)
 - private volatile 'contextClassLoader' 'Ljava/lang/ClassLoader;' @64  a 'jdk/internal/loader/ClassLoaders$AppClassLoader'{0x0000000714655e98} (0xe28cabd3)
 - private final 'holder' 'Ljava/lang/Thread$FieldHolder;' @68  a 'java/lang/Thread$FieldHolder'{0x0000000714601f98} (0xe28c03f3)
 - 'threadLocals' 'Ljava/lang/ThreadLocal$ThreadLocalMap;' @72  a 'java/lang/ThreadLocal$ThreadLocalMap'{0x000000071423fcf0} (0xe2847f9e)
 - 'inheritableThreadLocals' 'Ljava/lang/ThreadLocal$ThreadLocalMap;' @76  null (0x00000000)
 - private 'scopedValueBindings' 'Ljava/lang/Object;' @80  a 'java/lang/Class'{0x00000007ffe7c280} = 'java/lang/Thread' (0xfffcf850)
 - final 'interruptLock' 'Ljava/lang/Object;' @84  a 'java/lang/Object'{0x0000000714601f88} (0xe28c03f1)
 - private volatile 'parkBlocker' 'Ljava/lang/Object;' @88  null (0x00000000)
 - private 'nioBlocker' 'Lsun/nio/ch/Interruptible;' @92  null (0x00000000)
 - private 'cont' 'Ljdk/internal/vm/Continuation;' @96  null (0x00000000)
 - private volatile 'uncaughtExceptionHandler' 'Ljava/lang/Thread$UncaughtExceptionHandler;' @100  null (0x00000000)
 - private 'container' 'Ljdk/internal/vm/ThreadContainer;' @104  null (0x00000000)
 - private volatile 'headStackableScopes' 'Ljdk/internal/vm/StackableScope;' @108  null (0x00000000)
R10=0x00007ffca4389fc0 jvm.dll
R11=0x0000000000000004 is an unknown value
R12=0x0000000ef1afebe0 is pointing into the stack for thread: 0x000001f4bf2026e0
R13=0x000001f4bf677c90 points into unknown readable memory: 0x00007ffca42fa510 | 10 a5 2f a4 fc 7f 00 00
R14=0x000001f4bf202aa8 points into unknown readable memory: 0x00007ffca42f17b0 | b0 17 2f a4 fc 7f 00 00
R15=0x000001f4bf202aa8 points into unknown readable memory: 0x00007ffca42f17b0 | b0 17 2f a4 fc 7f 00 00

Top of Stack: (sp=0x0000000ef1afea70)
0x0000000ef1afea70:   0000000ef1afebe0 000001f52613dcd8   ...........&....
0x0000000ef1afea80:   0000000000000000 000001f4bf202e30   ........0. .....
0x0000000ef1afea90:   000000000000001f 00007ffd18302b9b   .........+0.....
0x0000000ef1afeaa0:   0000000000000000 000001f4bf202aa8   .........* .....
0x0000000ef1afeab0:   0000000ef1afeb01 0000000000000000   ................
0x0000000ef1afeac0:   000001f5284385f0 00007ffd183017f4   ..C(......0.....
0x0000000ef1afead0:   0000000000000000 000000000000001f   ................
0x0000000ef1afeae0:   0000000000000000 000000000000001f   ................
0x0000000ef1afeaf0:   0000000a287ab040 000001f5286ff130   @.z(....0.o(....
0x0000000ef1afeb00:   000001f5284385f0 000001f52843866c   ..C(....l.C(....
0x0000000ef1afeb10:   000001f528438698 0000000000006c38   ..C(....8l......
0x0000000ef1afeb20:   0000000000000000 0000000000000000   ................
0x0000000ef1afeb30:   0000000000000000 00007ffca3b558e4   .........X......
0x0000000ef1afeb40:   00007ffd18444ca0 0000000000004110   .LD......A......
0x0000000ef1afeb50:   00007ffd18444ca0 00000000ffffffff   .LD.............
0x0000000ef1afeb60:   0000000000000000 00007ffd1830206a   ........j 0.....
0x0000000ef1afeb70:   000001f4bf202aa8 0000000000000000   .* .............
0x0000000ef1afeb80:   0000000ef1afebe9 000001f4bf677c90   .........|g.....
0x0000000ef1afeb90:   000001f5287ab040 000001f4bd090000   @.z(............
0x0000000ef1afeba0:   000001f5287ab040 00007ffd6ee8e219   @.z(.......n....
0x0000000ef1afebb0:   000001f4bf202aa8 00007ffd18444ca0   .* ......LD.....
0x0000000ef1afebc0:   00007ffd183ef0d8 00007ffd183ef0c8   ..>.......>.....
0x0000000ef1afebd0:   0000000000000000 000001f4bf202aa8   .........* .....
0x0000000ef1afebe0:   000001f5280944b0 000001f528094890   .D.(.....H.(....
0x0000000ef1afebf0:   000001f528094890 00007ffd18444ca0   .H.(.....LD.....
0x0000000ef1afec00:   000001f4bf697078 0000000ef1afed78   xpi.....x.......
0x0000000ef1afec10:   0000000ef1afeeb0 0000000000008840   ........@.......
0x0000000ef1afec20:   00007ffd18437080 00007ffd18444cf0   .pC......LD.....
0x0000000ef1afec30:   0000000000989680 0000000000989680   ................
0x0000000ef1afec40:   0000000ef1afed50 00007ffd182fcc21   P.......!./.....
0x0000000ef1afec50:   00007ffd18444ca0 00007ffd18444cf8   .LD......LD.....
0x0000000ef1afec60:   00007ffd00000000 003ecd7e00000001   ............~.>.

Instructions: (pc=0x00007ffd183026c4)
  0x00007ffd183025c4:   cc cc cc cc cc cc cc cc cc cc cc cc cc cc cc cc
  0x00007ffd183025d4:   cc cc cc cc cc cc cc cc cc cc cc cc cc cc cc cc
  0x00007ffd183025e4:   cc cc cc cc cc cc cc cc cc cc cc cc cc cc cc cc
  0x00007ffd183025f4:   cc cc cc cc cc cc cc cc cc cc cc cc cc cc cc cc
  0x00007ffd18302604:   cc cc cc cc cc cc cc cc cc cc cc cc cc cc cc cc
  0x00007ffd18302614:   cc cc cc cc cc cc cc cc cc cc cc cc cc cc cc cc
  0x00007ffd18302624:   cc cc cc cc cc cc cc cc cc cc cc cc cc cc cc cc
  0x00007ffd18302634:   cc cc cc cc cc cc cc cc cc cc cc cc cc cc cc cc
  0x00007ffd18302644:   cc cc cc cc cc cc cc cc cc cc cc cc 40 57 48 83
  0x00007ffd18302654:   ec 20 48 8b f9 48 8b 0d 10 28 14 00 48 85 c9 74
  0x00007ffd18302664:   20 48 8b 01 48 8d 54 24 38 41 b8 06 00 01 00 4c
  0x00007ffd18302674:   8b 48 30 41 ff d1 85 c0 75 07 48 8b 4c 24 38 eb
  0x00007ffd18302684:   02 33 c9 4c 8b 05 ea 28 14 00 48 89 5c 24 30 4d
  0x00007ffd18302694:   85 c0 74 4a 48 8b 01 48 8b d7 4c 8b 88 28 03 00
  0x00007ffd183026a4:   00 41 ff d1 48 85 c0 74 35 48 63 0d f8 e6 13 00
  0x00007ffd183026b4:   48 8b 14 01 48 85 d2 74 15 48 63 05 fc e6 13 00
=>0x00007ffd183026c4:   8b 04 10 48 8b 5c 24 30 48 83 c4 20 5f c3 b8 ff
  0x00007ffd183026d4:   ff ff ff 48 8b 5c 24 30 48 83 c4 20 5f c3 80 3d
  0x00007ffd183026e4:   9b 27 14 00 00 bb ff ff ff ff 74 20 4c 8b 0d 31
  0x00007ffd183026f4:   24 14 00 4c 8d 44 24 38 48 8b 0d 15 24 14 00 48
  0x00007ffd18302704:   8b d7 41 ff d1 85 c0 0f 44 5c 24 38 8b c3 48 8b
  0x00007ffd18302714:   5c 24 30 48 83 c4 20 5f c3 cc cc cc cc cc cc cc
  0x00007ffd18302724:   cc cc cc cc cc cc cc cc cc cc cc cc cc cc cc cc
  0x00007ffd18302734:   cc cc cc cc cc cc cc cc cc cc cc cc cc cc cc cc
  0x00007ffd18302744:   cc cc cc cc cc cc cc cc cc cc cc cc 48 89 54 24
  0x00007ffd18302754:   10 53 55 56 57 41 56 41 57 48 83 ec 28 48 8b f2
  0x00007ffd18302764:   4c 8b f1 48 89 4c 24 78 45 33 ff 44 89 7c 24 68
  0x00007ffd18302774:   c7 44 24 60 01 00 00 00 48 8d 4c 24 68 e8 ed 42
  0x00007ffd18302784:   f7 ff 8b d8 48 8d 4c 24 60 e8 e1 42 f7 ff 8b e8
  0x00007ffd18302794:   49 8b ce e8 00 fc f6 ff 48 8b f8 90 8b c3 f0 0f
  0x00007ffd183027a4:   b1 2f 74 04 f3 90 eb f4 4c 89 3e 4c 89 7e 08 4c
  0x00007ffd183027b4:   89 7e 10 49 8b 6e 08 4d 8b 76 10 49 3b ee 0f 84


Stack slot to memory mapping:

stack at sp + 0 slots: 0x0000000ef1afebe0 is pointing into the stack for thread: 0x000001f4bf2026e0
stack at sp + 1 slots: 0x000001f52613dcd8 points into unknown readable memory: 0x0000000714601ee8 | e8 1e 60 14 07 00 00 00
stack at sp + 2 slots: 0x0 is null
stack at sp + 3 slots: 0x000001f4bf202e30 points into unknown readable memory: 0x6e616c2e6176616a | 6a 61 76 61 2e 6c 61 6e
stack at sp + 4 slots: 0x000000000000001f is an unknown value
stack at sp + 5 slots: 0x00007ffd18302b9b libasyncProfiler.dll
stack at sp + 6 slots: 0x0 is null
stack at sp + 7 slots: 0x000001f4bf202aa8 points into unknown readable memory: 0x00007ffca42f17b0 | b0 17 2f a4 fc 7f 00 00

Lock stack of current Java thread (top to bottom):


---------------  P R O C E S S  ---------------

Threads class SMR info:
_java_thread_list=0x000001f5281dbd90, length=20, elements={
0x000001f4bf2026e0, 0x000001f4e07f6d20, 0x000001f4e07f7680, 0x000001f4e07fa140,
0x000001f4e07f8b50, 0x000001f4e07fa890, 0x000001f4e07f8400, 0x000001f4e081f100,
0x000001f4e0831dd0, 0x000001f4e07f92a0, 0x000001f4e09f7c90, 0x000001f4e07fafe0,
0x000001f4e07fb730, 0x000001f5268b20d0, 0x000001f5269e35e0, 0x000001f52634dc80,
0x000001f5280881f0, 0x000001f528088980, 0x000001f52808a130, 0x000001f52634bf40
}

Java Threads: ( => current thread )
=>0x000001f4bf2026e0 JavaThread "main"                              [_thread_in_native, id=27204, stack(0x0000000ef1a00000,0x0000000ef1b00000) (1024K)]
  0x000001f4e07f6d20 JavaThread "Reference Handler"          daemon [_thread_blocked, id=28284, stack(0x0000000ef2200000,0x0000000ef2300000) (1024K)]
  0x000001f4e07f7680 JavaThread "Finalizer"                  daemon [_thread_blocked, id=11656, stack(0x0000000ef2300000,0x0000000ef2400000) (1024K)]
  0x000001f4e07fa140 JavaThread "Signal Dispatcher"          daemon [_thread_blocked, id=24476, stack(0x0000000ef2400000,0x0000000ef2500000) (1024K)]
  0x000001f4e07f8b50 JavaThread "Attach Listener"            daemon [_thread_in_vm, id=6552, stack(0x0000000ef2500000,0x0000000ef2600000) (1024K)]
  0x000001f4e07fa890 JavaThread "Service Thread"             daemon [_thread_blocked, id=28140, stack(0x0000000ef2600000,0x0000000ef2700000) (1024K)]
  0x000001f4e07f8400 JavaThread "Monitor Deflation Thread"   daemon [_thread_blocked, id=22160, stack(0x0000000ef2700000,0x0000000ef2800000) (1024K)]
  0x000001f4e081f100 JavaThread "C2 CompilerThread0"         daemon [_thread_blocked, id=27096, stack(0x0000000ef2800000,0x0000000ef2900000) (1024K)]
  0x000001f4e0831dd0 JavaThread "C1 CompilerThread0"         daemon [_thread_blocked, id=28496, stack(0x0000000ef2900000,0x0000000ef2a00000) (1024K)]
  0x000001f4e07f92a0 JavaThread "Common-Cleaner"             daemon [_thread_blocked, id=20468, stack(0x0000000ef2a00000,0x0000000ef2b00000) (1024K)]
  0x000001f4e09f7c90 JavaThread "C1 CompilerThread1"         daemon [_thread_in_native, id=23680, stack(0x0000000ef2b00000,0x0000000ef2c00000) (1024K)]
  0x000001f4e07fafe0 JavaThread "IntelliJ Suspend Helper"    daemon [_thread_blocked, id=27716, stack(0x0000000ef2c00000,0x0000000ef2d00000) (1024K)]
  0x000001f4e07fb730 JavaThread "Monitor Ctrl-Break"         daemon [_thread_in_native, id=11296, stack(0x0000000ef2d00000,0x0000000ef2e00000) (1024K)]
  0x000001f5268b20d0 JavaThread "C1 CompilerThread2"         daemon [_thread_blocked, id=28276, stack(0x0000000ef2e00000,0x0000000ef2f00000) (1024K)]
  0x000001f5269e35e0 JavaThread "C1 CompilerThread3"         daemon [_thread_blocked, id=20044, stack(0x0000000ef2f00000,0x0000000ef3000000) (1024K)]
  0x000001f52634dc80 JavaThread "JFR Recorder Thread"        daemon [_thread_in_native, id=14044, stack(0x0000000ef3100000,0x0000000ef3200000) (1024K)]
  0x000001f5280881f0 JavaThread "C2 CompilerThread1"         daemon [_thread_blocked, id=7368, stack(0x0000000ef3000000,0x0000000ef3100000) (1024K)]
  0x000001f528088980 JavaThread "C2 CompilerThread2"         daemon [_thread_in_native, id=9700, stack(0x0000000ef3200000,0x0000000ef3300000) (1024K)]
  0x000001f52808a130 JavaThread "C2 CompilerThread3"         daemon [_thread_blocked, id=11932, stack(0x0000000ef3300000,0x0000000ef3400000) (1024K)]
  0x000001f52634bf40 JavaThread "JFR Periodic Tasks"         daemon [_thread_blocked, id=27704, stack(0x0000000ef3400000,0x0000000ef3500000) (1024K)]
Total: 20

Other Threads:
  0x000001f4e07e1800 VMThread "VM Thread"                           [id=2552, stack(0x0000000ef2100000,0x0000000ef2200000) (1024K)]
  0x000001f4e0697ac0 WatcherThread "VM Periodic Task Thread"        [id=28624, stack(0x0000000ef2000000,0x0000000ef2100000) (1024K)]
  0x000001f4bf2740c0 WorkerThread "GC Thread#0"                     [id=25180, stack(0x0000000ef1b00000,0x0000000ef1c00000) (1024K)]
  0x000001f4bf2c6da0 ConcurrentGCThread "G1 Main Marker"            [id=7728, stack(0x0000000ef1c00000,0x0000000ef1d00000) (1024K)]
  0x000001f4bf2c8670 WorkerThread "G1 Conc#0"                       [id=19648, stack(0x0000000ef1d00000,0x0000000ef1e00000) (1024K)]
  0x000001f4bf387210 ConcurrentGCThread "G1 Refine#0"               [id=12980, stack(0x0000000ef1e00000,0x0000000ef1f00000) (1024K)]
  0x000001f4bf389a50 ConcurrentGCThread "G1 Service"                [id=28008, stack(0x0000000ef1f00000,0x0000000ef2000000) (1024K)]
Total: 7

Threads with active compile tasks:
C2 CompilerThread2  1609 1658       4       jdk.jfr.internal.MetadataWriter::write (168 bytes)
Total: 1

VM state: not at safepoint (normal execution)

VM Mutex/Monitor currently owned by a thread: None

Heap address: 0x0000000704c00000, size: 4020 MB, Compressed Oops mode: Zero based, Oop shift amount: 3

CDS archive(s) mapped at: [0x000001f4e1000000-0x000001f4e1d40000-0x000001f4e1d40000), size 13893632, SharedBaseAddress: 0x000001f4e1000000, ArchiveRelocationMode: 1.
Compressed class space mapped at: 0x000001f4e2000000-0x000001f522000000, reserved size: 1073741824
UseCompressedClassPointers 1, UseCompactObjectHeaders 0
Narrow klass pointer bits 32, Max shift 3
Narrow klass base: 0x000001f4e1000000, Narrow klass shift: 0
Encoding Range: [0x000001f4e1000000 - 0x000001f5e1000000), (4294967296 bytes)
Klass Range:    [0x000001f4e1000000 - 0x000001f522000000), (1090519040 bytes)
Klass ID Range:  [8 - 1090519033) (1090519025)

GC Precious Log:
 CardTable entry size: 512
 Card Set container configuration: InlinePtr #cards 4 size 8 Array Of Cards #cards 16 size 48 Howl #buckets 8 coarsen threshold 3686 Howl Bitmap #cards 512 size 80 coarsen threshold 460 Card regions per heap region 1 cards per card region 4096
 CPUs: 20 total, 20 available
 Memory: 16077M
 Large Page Support: Disabled
 NUMA Support: Disabled
 Compressed Oops: Enabled (Zero based)
 Heap Region Size: 2M
 Heap Min Capacity: 8M
 Heap Initial Capacity: 252M
 Heap Max Capacity: 4020M
 Pre-touch: Disabled
 Parallel Workers: 15
 Concurrent Workers: 4
 Concurrent Refinement Workers: 15
 Periodic GC: Disabled

Heap:
 garbage-first heap   total reserved 4116480K, committed 260096K, used 42096K [0x0000000704c00000, 0x0000000800000000)
  region size 2048K, 22 young (45056K), 0 survivors (0K)
 Metaspace       used 11061K, committed 11264K, reserved 1114112K
  class space    used 905K, committed 1024K, reserved 1048576K

Heap Regions: E=young(eden), S=young(survivor), O=old, HS=humongous(starts), HC=humongous(continues), CS=collection set, F=free, TAMS=top-at-mark-start, PB=parsable bottom
|   0|0x0000000704c00000, 0x0000000704c00000, 0x0000000704e00000|  0%| F|  |TAMS 0x0000000704c00000| PB 0x0000000704c00000| Untracked |  0
|   1|0x0000000704e00000, 0x0000000704e00000, 0x0000000705000000|  0%| F|  |TAMS 0x0000000704e00000| PB 0x0000000704e00000| Untracked |  0
|   2|0x0000000705000000, 0x0000000705000000, 0x0000000705200000|  0%| F|  |TAMS 0x0000000705000000| PB 0x0000000705000000| Untracked |  0
|   3|0x0000000705200000, 0x0000000705200000, 0x0000000705400000|  0%| F|  |TAMS 0x0000000705200000| PB 0x0000000705200000| Untracked |  0
|   4|0x0000000705400000, 0x0000000705400000, 0x0000000705600000|  0%| F|  |TAMS 0x0000000705400000| PB 0x0000000705400000| Untracked |  0
|   5|0x0000000705600000, 0x0000000705600000, 0x0000000705800000|  0%| F|  |TAMS 0x0000000705600000| PB 0x0000000705600000| Untracked |  0
|   6|0x0000000705800000, 0x0000000705800000, 0x0000000705a00000|  0%| F|  |TAMS 0x0000000705800000| PB 0x0000000705800000| Untracked |  0
|   7|0x0000000705a00000, 0x0000000705a00000, 0x0000000705c00000|  0%| F|  |TAMS 0x0000000705a00000| PB 0x0000000705a00000| Untracked |  0
|   8|0x0000000705c00000, 0x0000000705c00000, 0x0000000705e00000|  0%| F|  |TAMS 0x0000000705c00000| PB 0x0000000705c00000| Untracked |  0
|   9|0x0000000705e00000, 0x0000000705e00000, 0x0000000706000000|  0%| F|  |TAMS 0x0000000705e00000| PB 0x0000000705e00000| Untracked |  0
|  10|0x0000000706000000, 0x0000000706000000, 0x0000000706200000|  0%| F|  |TAMS 0x0000000706000000| PB 0x0000000706000000| Untracked |  0
|  11|0x0000000706200000, 0x0000000706200000, 0x0000000706400000|  0%| F|  |TAMS 0x0000000706200000| PB 0x0000000706200000| Untracked |  0
|  12|0x0000000706400000, 0x0000000706400000, 0x0000000706600000|  0%| F|  |TAMS 0x0000000706400000| PB 0x0000000706400000| Untracked |  0
|  13|0x0000000706600000, 0x0000000706600000, 0x0000000706800000|  0%| F|  |TAMS 0x0000000706600000| PB 0x0000000706600000| Untracked |  0
|  14|0x0000000706800000, 0x0000000706800000, 0x0000000706a00000|  0%| F|  |TAMS 0x0000000706800000| PB 0x0000000706800000| Untracked |  0
|  15|0x0000000706a00000, 0x0000000706a00000, 0x0000000706c00000|  0%| F|  |TAMS 0x0000000706a00000| PB 0x0000000706a00000| Untracked |  0
|  16|0x0000000706c00000, 0x0000000706c00000, 0x0000000706e00000|  0%| F|  |TAMS 0x0000000706c00000| PB 0x0000000706c00000| Untracked |  0
|  17|0x0000000706e00000, 0x0000000706e00000, 0x0000000707000000|  0%| F|  |TAMS 0x0000000706e00000| PB 0x0000000706e00000| Untracked |  0
|  18|0x0000000707000000, 0x0000000707000000, 0x0000000707200000|  0%| F|  |TAMS 0x0000000707000000| PB 0x0000000707000000| Untracked |  0
|  19|0x0000000707200000, 0x0000000707200000, 0x0000000707400000|  0%| F|  |TAMS 0x0000000707200000| PB 0x0000000707200000| Untracked |  0
|  20|0x0000000707400000, 0x0000000707400000, 0x0000000707600000|  0%| F|  |TAMS 0x0000000707400000| PB 0x0000000707400000| Untracked |  0
|  21|0x0000000707600000, 0x0000000707600000, 0x0000000707800000|  0%| F|  |TAMS 0x0000000707600000| PB 0x0000000707600000| Untracked |  0
|  22|0x0000000707800000, 0x0000000707800000, 0x0000000707a00000|  0%| F|  |TAMS 0x0000000707800000| PB 0x0000000707800000| Untracked |  0
|  23|0x0000000707a00000, 0x0000000707a00000, 0x0000000707c00000|  0%| F|  |TAMS 0x0000000707a00000| PB 0x0000000707a00000| Untracked |  0
|  24|0x0000000707c00000, 0x0000000707c00000, 0x0000000707e00000|  0%| F|  |TAMS 0x0000000707c00000| PB 0x0000000707c00000| Untracked |  0
|  25|0x0000000707e00000, 0x0000000707e00000, 0x0000000708000000|  0%| F|  |TAMS 0x0000000707e00000| PB 0x0000000707e00000| Untracked |  0
|  26|0x0000000708000000, 0x0000000708000000, 0x0000000708200000|  0%| F|  |TAMS 0x0000000708000000| PB 0x0000000708000000| Untracked |  0
|  27|0x0000000708200000, 0x0000000708200000, 0x0000000708400000|  0%| F|  |TAMS 0x0000000708200000| PB 0x0000000708200000| Untracked |  0
|  28|0x0000000708400000, 0x0000000708400000, 0x0000000708600000|  0%| F|  |TAMS 0x0000000708400000| PB 0x0000000708400000| Untracked |  0
|  29|0x0000000708600000, 0x0000000708600000, 0x0000000708800000|  0%| F|  |TAMS 0x0000000708600000| PB 0x0000000708600000| Untracked |  0
|  30|0x0000000708800000, 0x0000000708800000, 0x0000000708a00000|  0%| F|  |TAMS 0x0000000708800000| PB 0x0000000708800000| Untracked |  0
|  31|0x0000000708a00000, 0x0000000708a00000, 0x0000000708c00000|  0%| F|  |TAMS 0x0000000708a00000| PB 0x0000000708a00000| Untracked |  0
|  32|0x0000000708c00000, 0x0000000708c00000, 0x0000000708e00000|  0%| F|  |TAMS 0x0000000708c00000| PB 0x0000000708c00000| Untracked |  0
|  33|0x0000000708e00000, 0x0000000708e00000, 0x0000000709000000|  0%| F|  |TAMS 0x0000000708e00000| PB 0x0000000708e00000| Untracked |  0
|  34|0x0000000709000000, 0x0000000709000000, 0x0000000709200000|  0%| F|  |TAMS 0x0000000709000000| PB 0x0000000709000000| Untracked |  0
|  35|0x0000000709200000, 0x0000000709200000, 0x0000000709400000|  0%| F|  |TAMS 0x0000000709200000| PB 0x0000000709200000| Untracked |  0
|  36|0x0000000709400000, 0x0000000709400000, 0x0000000709600000|  0%| F|  |TAMS 0x0000000709400000| PB 0x0000000709400000| Untracked |  0
|  37|0x0000000709600000, 0x0000000709600000, 0x0000000709800000|  0%| F|  |TAMS 0x0000000709600000| PB 0x0000000709600000| Untracked |  0
|  38|0x0000000709800000, 0x0000000709800000, 0x0000000709a00000|  0%| F|  |TAMS 0x0000000709800000| PB 0x0000000709800000| Untracked |  0
|  39|0x0000000709a00000, 0x0000000709a00000, 0x0000000709c00000|  0%| F|  |TAMS 0x0000000709a00000| PB 0x0000000709a00000| Untracked |  0
|  40|0x0000000709c00000, 0x0000000709c00000, 0x0000000709e00000|  0%| F|  |TAMS 0x0000000709c00000| PB 0x0000000709c00000| Untracked |  0
|  41|0x0000000709e00000, 0x0000000709e00000, 0x000000070a000000|  0%| F|  |TAMS 0x0000000709e00000| PB 0x0000000709e00000| Untracked |  0
|  42|0x000000070a000000, 0x000000070a000000, 0x000000070a200000|  0%| F|  |TAMS 0x000000070a000000| PB 0x000000070a000000| Untracked |  0
|  43|0x000000070a200000, 0x000000070a200000, 0x000000070a400000|  0%| F|  |TAMS 0x000000070a200000| PB 0x000000070a200000| Untracked |  0
|  44|0x000000070a400000, 0x000000070a400000, 0x000000070a600000|  0%| F|  |TAMS 0x000000070a400000| PB 0x000000070a400000| Untracked |  0
|  45|0x000000070a600000, 0x000000070a600000, 0x000000070a800000|  0%| F|  |TAMS 0x000000070a600000| PB 0x000000070a600000| Untracked |  0
|  46|0x000000070a800000, 0x000000070a800000, 0x000000070aa00000|  0%| F|  |TAMS 0x000000070a800000| PB 0x000000070a800000| Untracked |  0
|  47|0x000000070aa00000, 0x000000070aa00000, 0x000000070ac00000|  0%| F|  |TAMS 0x000000070aa00000| PB 0x000000070aa00000| Untracked |  0
|  48|0x000000070ac00000, 0x000000070ac00000, 0x000000070ae00000|  0%| F|  |TAMS 0x000000070ac00000| PB 0x000000070ac00000| Untracked |  0
|  49|0x000000070ae00000, 0x000000070ae00000, 0x000000070b000000|  0%| F|  |TAMS 0x000000070ae00000| PB 0x000000070ae00000| Untracked |  0
|  50|0x000000070b000000, 0x000000070b000000, 0x000000070b200000|  0%| F|  |TAMS 0x000000070b000000| PB 0x000000070b000000| Untracked |  0
|  51|0x000000070b200000, 0x000000070b200000, 0x000000070b400000|  0%| F|  |TAMS 0x000000070b200000| PB 0x000000070b200000| Untracked |  0
|  52|0x000000070b400000, 0x000000070b400000, 0x000000070b600000|  0%| F|  |TAMS 0x000000070b400000| PB 0x000000070b400000| Untracked |  0
|  53|0x000000070b600000, 0x000000070b600000, 0x000000070b800000|  0%| F|  |TAMS 0x000000070b600000| PB 0x000000070b600000| Untracked |  0
|  54|0x000000070b800000, 0x000000070b800000, 0x000000070ba00000|  0%| F|  |TAMS 0x000000070b800000| PB 0x000000070b800000| Untracked |  0
|  55|0x000000070ba00000, 0x000000070ba00000, 0x000000070bc00000|  0%| F|  |TAMS 0x000000070ba00000| PB 0x000000070ba00000| Untracked |  0
|  56|0x000000070bc00000, 0x000000070bc00000, 0x000000070be00000|  0%| F|  |TAMS 0x000000070bc00000| PB 0x000000070bc00000| Untracked |  0
|  57|0x000000070be00000, 0x000000070be00000, 0x000000070c000000|  0%| F|  |TAMS 0x000000070be00000| PB 0x000000070be00000| Untracked |  0
|  58|0x000000070c000000, 0x000000070c000000, 0x000000070c200000|  0%| F|  |TAMS 0x000000070c000000| PB 0x000000070c000000| Untracked |  0
|  59|0x000000070c200000, 0x000000070c200000, 0x000000070c400000|  0%| F|  |TAMS 0x000000070c200000| PB 0x000000070c200000| Untracked |  0
|  60|0x000000070c400000, 0x000000070c400000, 0x000000070c600000|  0%| F|  |TAMS 0x000000070c400000| PB 0x000000070c400000| Untracked |  0
|  61|0x000000070c600000, 0x000000070c600000, 0x000000070c800000|  0%| F|  |TAMS 0x000000070c600000| PB 0x000000070c600000| Untracked |  0
|  62|0x000000070c800000, 0x000000070c800000, 0x000000070ca00000|  0%| F|  |TAMS 0x000000070c800000| PB 0x000000070c800000| Untracked |  0
|  63|0x000000070ca00000, 0x000000070ca00000, 0x000000070cc00000|  0%| F|  |TAMS 0x000000070ca00000| PB 0x000000070ca00000| Untracked |  0
|  64|0x000000070cc00000, 0x000000070cc00000, 0x000000070ce00000|  0%| F|  |TAMS 0x000000070cc00000| PB 0x000000070cc00000| Untracked |  0
|  65|0x000000070ce00000, 0x000000070ce00000, 0x000000070d000000|  0%| F|  |TAMS 0x000000070ce00000| PB 0x000000070ce00000| Untracked |  0
|  66|0x000000070d000000, 0x000000070d000000, 0x000000070d200000|  0%| F|  |TAMS 0x000000070d000000| PB 0x000000070d000000| Untracked |  0
|  67|0x000000070d200000, 0x000000070d200000, 0x000000070d400000|  0%| F|  |TAMS 0x000000070d200000| PB 0x000000070d200000| Untracked |  0
|  68|0x000000070d400000, 0x000000070d400000, 0x000000070d600000|  0%| F|  |TAMS 0x000000070d400000| PB 0x000000070d400000| Untracked |  0
|  69|0x000000070d600000, 0x000000070d600000, 0x000000070d800000|  0%| F|  |TAMS 0x000000070d600000| PB 0x000000070d600000| Untracked |  0
|  70|0x000000070d800000, 0x000000070d800000, 0x000000070da00000|  0%| F|  |TAMS 0x000000070d800000| PB 0x000000070d800000| Untracked |  0
|  71|0x000000070da00000, 0x000000070da00000, 0x000000070dc00000|  0%| F|  |TAMS 0x000000070da00000| PB 0x000000070da00000| Untracked |  0
|  72|0x000000070dc00000, 0x000000070dc00000, 0x000000070de00000|  0%| F|  |TAMS 0x000000070dc00000| PB 0x000000070dc00000| Untracked |  0
|  73|0x000000070de00000, 0x000000070de00000, 0x000000070e000000|  0%| F|  |TAMS 0x000000070de00000| PB 0x000000070de00000| Untracked |  0
|  74|0x000000070e000000, 0x000000070e000000, 0x000000070e200000|  0%| F|  |TAMS 0x000000070e000000| PB 0x000000070e000000| Untracked |  0
|  75|0x000000070e200000, 0x000000070e200000, 0x000000070e400000|  0%| F|  |TAMS 0x000000070e200000| PB 0x000000070e200000| Untracked |  0
|  76|0x000000070e400000, 0x000000070e400000, 0x000000070e600000|  0%| F|  |TAMS 0x000000070e400000| PB 0x000000070e400000| Untracked |  0
|  77|0x000000070e600000, 0x000000070e600000, 0x000000070e800000|  0%| F|  |TAMS 0x000000070e600000| PB 0x000000070e600000| Untracked |  0
|  78|0x000000070e800000, 0x000000070e800000, 0x000000070ea00000|  0%| F|  |TAMS 0x000000070e800000| PB 0x000000070e800000| Untracked |  0
|  79|0x000000070ea00000, 0x000000070ea00000, 0x000000070ec00000|  0%| F|  |TAMS 0x000000070ea00000| PB 0x000000070ea00000| Untracked |  0
|  80|0x000000070ec00000, 0x000000070ec00000, 0x000000070ee00000|  0%| F|  |TAMS 0x000000070ec00000| PB 0x000000070ec00000| Untracked |  0
|  81|0x000000070ee00000, 0x000000070ee00000, 0x000000070f000000|  0%| F|  |TAMS 0x000000070ee00000| PB 0x000000070ee00000| Untracked |  0
|  82|0x000000070f000000, 0x000000070f000000, 0x000000070f200000|  0%| F|  |TAMS 0x000000070f000000| PB 0x000000070f000000| Untracked |  0
|  83|0x000000070f200000, 0x000000070f200000, 0x000000070f400000|  0%| F|  |TAMS 0x000000070f200000| PB 0x000000070f200000| Untracked |  0
|  84|0x000000070f400000, 0x000000070f400000, 0x000000070f600000|  0%| F|  |TAMS 0x000000070f400000| PB 0x000000070f400000| Untracked |  0
|  85|0x000000070f600000, 0x000000070f600000, 0x000000070f800000|  0%| F|  |TAMS 0x000000070f600000| PB 0x000000070f600000| Untracked |  0
|  86|0x000000070f800000, 0x000000070f800000, 0x000000070fa00000|  0%| F|  |TAMS 0x000000070f800000| PB 0x000000070f800000| Untracked |  0
|  87|0x000000070fa00000, 0x000000070fa00000, 0x000000070fc00000|  0%| F|  |TAMS 0x000000070fa00000| PB 0x000000070fa00000| Untracked |  0
|  88|0x000000070fc00000, 0x000000070fc00000, 0x000000070fe00000|  0%| F|  |TAMS 0x000000070fc00000| PB 0x000000070fc00000| Untracked |  0
|  89|0x000000070fe00000, 0x000000070fe00000, 0x0000000710000000|  0%| F|  |TAMS 0x000000070fe00000| PB 0x000000070fe00000| Untracked |  0
|  90|0x0000000710000000, 0x0000000710000000, 0x0000000710200000|  0%| F|  |TAMS 0x0000000710000000| PB 0x0000000710000000| Untracked |  0
|  91|0x0000000710200000, 0x0000000710200000, 0x0000000710400000|  0%| F|  |TAMS 0x0000000710200000| PB 0x0000000710200000| Untracked |  0
|  92|0x0000000710400000, 0x0000000710400000, 0x0000000710600000|  0%| F|  |TAMS 0x0000000710400000| PB 0x0000000710400000| Untracked |  0
|  93|0x0000000710600000, 0x0000000710600000, 0x0000000710800000|  0%| F|  |TAMS 0x0000000710600000| PB 0x0000000710600000| Untracked |  0
|  94|0x0000000710800000, 0x0000000710800000, 0x0000000710a00000|  0%| F|  |TAMS 0x0000000710800000| PB 0x0000000710800000| Untracked |  0
|  95|0x0000000710a00000, 0x0000000710a00000, 0x0000000710c00000|  0%| F|  |TAMS 0x0000000710a00000| PB 0x0000000710a00000| Untracked |  0
|  96|0x0000000710c00000, 0x0000000710c00000, 0x0000000710e00000|  0%| F|  |TAMS 0x0000000710c00000| PB 0x0000000710c00000| Untracked |  0
|  97|0x0000000710e00000, 0x0000000710e00000, 0x0000000711000000|  0%| F|  |TAMS 0x0000000710e00000| PB 0x0000000710e00000| Untracked |  0
|  98|0x0000000711000000, 0x0000000711000000, 0x0000000711200000|  0%| F|  |TAMS 0x0000000711000000| PB 0x0000000711000000| Untracked |  0
|  99|0x0000000711200000, 0x0000000711200000, 0x0000000711400000|  0%| F|  |TAMS 0x0000000711200000| PB 0x0000000711200000| Untracked |  0
| 100|0x0000000711400000, 0x0000000711400000, 0x0000000711600000|  0%| F|  |TAMS 0x0000000711400000| PB 0x0000000711400000| Untracked |  0
| 101|0x0000000711600000, 0x0000000711600000, 0x0000000711800000|  0%| F|  |TAMS 0x0000000711600000| PB 0x0000000711600000| Untracked |  0
| 102|0x0000000711800000, 0x0000000711800000, 0x0000000711a00000|  0%| F|  |TAMS 0x0000000711800000| PB 0x0000000711800000| Untracked |  0
| 103|0x0000000711a00000, 0x0000000711a00000, 0x0000000711c00000|  0%| F|  |TAMS 0x0000000711a00000| PB 0x0000000711a00000| Untracked |  0
| 104|0x0000000711c00000, 0x0000000711cf5c50, 0x0000000711e00000| 48%| E|  |TAMS 0x0000000711c00000| PB 0x0000000711c00000| Complete |  0
| 105|0x0000000711e00000, 0x0000000712000000, 0x0000000712000000|100%| E|CS|TAMS 0x0000000711e00000| PB 0x0000000711e00000| Complete |  0
| 106|0x0000000712000000, 0x0000000712200000, 0x0000000712200000|100%| E|CS|TAMS 0x0000000712000000| PB 0x0000000712000000| Complete |  0
| 107|0x0000000712200000, 0x0000000712400000, 0x0000000712400000|100%| E|CS|TAMS 0x0000000712200000| PB 0x0000000712200000| Complete |  0
| 108|0x0000000712400000, 0x0000000712600000, 0x0000000712600000|100%| E|CS|TAMS 0x0000000712400000| PB 0x0000000712400000| Complete |  0
| 109|0x0000000712600000, 0x0000000712800000, 0x0000000712800000|100%| E|CS|TAMS 0x0000000712600000| PB 0x0000000712600000| Complete |  0
| 110|0x0000000712800000, 0x0000000712a00000, 0x0000000712a00000|100%| E|CS|TAMS 0x0000000712800000| PB 0x0000000712800000| Complete |  0
| 111|0x0000000712a00000, 0x0000000712c00000, 0x0000000712c00000|100%| E|CS|TAMS 0x0000000712a00000| PB 0x0000000712a00000| Complete |  0
| 112|0x0000000712c00000, 0x0000000712e00000, 0x0000000712e00000|100%| E|CS|TAMS 0x0000000712c00000| PB 0x0000000712c00000| Complete |  0
| 113|0x0000000712e00000, 0x0000000713000000, 0x0000000713000000|100%| E|CS|TAMS 0x0000000712e00000| PB 0x0000000712e00000| Complete |  0
| 114|0x0000000713000000, 0x0000000713200000, 0x0000000713200000|100%| E|CS|TAMS 0x0000000713000000| PB 0x0000000713000000| Complete |  0
| 115|0x0000000713200000, 0x0000000713400000, 0x0000000713400000|100%| E|CS|TAMS 0x0000000713200000| PB 0x0000000713200000| Complete |  0
| 116|0x0000000713400000, 0x0000000713600000, 0x0000000713600000|100%| E|CS|TAMS 0x0000000713400000| PB 0x0000000713400000| Complete |  0
| 117|0x0000000713600000, 0x0000000713800000, 0x0000000713800000|100%| E|CS|TAMS 0x0000000713600000| PB 0x0000000713600000| Complete |  0
| 118|0x0000000713800000, 0x0000000713a00000, 0x0000000713a00000|100%| E|CS|TAMS 0x0000000713800000| PB 0x0000000713800000| Complete |  0
| 119|0x0000000713a00000, 0x0000000713c00000, 0x0000000713c00000|100%| E|  |TAMS 0x0000000713a00000| PB 0x0000000713a00000| Complete |  0
| 120|0x0000000713c00000, 0x0000000713e00000, 0x0000000713e00000|100%| E|CS|TAMS 0x0000000713c00000| PB 0x0000000713c00000| Complete |  0
| 121|0x0000000713e00000, 0x0000000714000000, 0x0000000714000000|100%| E|CS|TAMS 0x0000000713e00000| PB 0x0000000713e00000| Complete |  0
| 122|0x0000000714000000, 0x0000000714200000, 0x0000000714200000|100%| E|CS|TAMS 0x0000000714000000| PB 0x0000000714000000| Complete |  0
| 123|0x0000000714200000, 0x0000000714400000, 0x0000000714400000|100%| E|CS|TAMS 0x0000000714200000| PB 0x0000000714200000| Complete |  0
| 124|0x0000000714400000, 0x0000000714600000, 0x0000000714600000|100%| E|CS|TAMS 0x0000000714400000| PB 0x0000000714400000| Complete |  0
| 125|0x0000000714600000, 0x0000000714800000, 0x0000000714800000|100%| E|CS|TAMS 0x0000000714600000| PB 0x0000000714600000| Complete |  0
|2009|0x00000007ffe00000, 0x00000007fff1c348, 0x0000000800000000| 55%| O|  |TAMS 0x00000007ffe00000| PB 0x00000007ffe00000| Untracked |  0

Card table byte_map: [0x000001f4d8ef0000,0x000001f4d96d0000] _byte_map_base: 0x000001f4d56ca000

Marking Bits: (CMBitMap*) 0x000001f4bf2746e0
 Bits: [0x000001f4d96d0000, 0x000001f4dd5a0000)

Polling page: 0x000001f4bd060000

Metaspace:

Usage:
  Non-class:      9.93 MB used.
      Class:    908.40 KB used.
       Both:     10.82 MB used.

Virtual space:
  Non-class space:       64.00 MB reserved,      10.00 MB ( 16%) committed,  1 nodes.
      Class space:        1.00 GB reserved,       1.00 MB ( <1%) committed,  1 nodes.
             Both:        1.06 GB reserved,      11.00 MB (  1%) committed. 

Chunk freelists:
   Non-Class:  6.02 MB
       Class:  15.04 MB
        Both:  21.06 MB

MaxMetaspaceSize: unlimited
CompressedClassSpaceSize: 1.00 GB
Initial GC threshold: 21.00 MB
Current GC threshold: 21.00 MB
CDS: on
 - commit_granule_bytes: 65536.
 - commit_granule_words: 8192.
 - virtual_space_node_default_size: 8388608.
 - enlarge_chunks_in_place: 1.
UseCompressedClassPointers 1, UseCompactObjectHeaders 0
Narrow klass pointer bits 32, Max shift 3
Narrow klass base: 0x000001f4e1000000, Narrow klass shift: 0
Encoding Range: [0x000001f4e1000000 - 0x000001f5e1000000), (4294967296 bytes)
Klass Range:    [0x000001f4e1000000 - 0x000001f522000000), (1090519040 bytes)
Klass ID Range:  [8 - 1090519033) (1090519025)


Internal statistics:

num_allocs_failed_limit: 0.
num_arena_births: 90.
num_arena_deaths: 0.
num_vsnodes_births: 2.
num_vsnodes_deaths: 0.
num_space_committed: 176.
num_space_uncommitted: 0.
num_chunks_returned_to_freelist: 0.
num_chunks_taken_from_freelist: 124.
num_chunk_merges: 0.
num_chunk_splits: 71.
num_chunks_enlarged: 40.
num_inconsistent_stats: 0.

CodeHeap 'non-profiled nmethods': size=119232Kb used=601Kb max_used=601Kb free=118630Kb
 bounds [0x000001f4d0290000, 0x000001f4d0500000, 0x000001f4d7700000]
CodeHeap 'profiled nmethods': size=119104Kb used=3124Kb max_used=3124Kb free=115979Kb
 bounds [0x000001f4c8700000, 0x000001f4c8a10000, 0x000001f4cfb50000]
CodeHeap 'non-nmethods': size=7424Kb used=3022Kb max_used=3083Kb free=4401Kb
 bounds [0x000001f4cfb50000, 0x000001f4cfe60000, 0x000001f4d0290000]
CodeCache: size=245760Kb, used=6747Kb, max_used=6808Kb, free=239010Kb
 total_blobs=2562, nmethods=2056, adapters=408, full_count=0
Compilation: enabled, stopped_count=0, restarted_count=0

Compilation events (20 events):
Event: 1.381 Thread 0x000001f5268b20d0 1815       3       javax.management.ImmutableDescriptor::fieldIndex (12 bytes)
Event: 1.381 Thread 0x000001f5269e35e0 nmethod 1814 0x000001f4c89a4708 code [0x000001f4c89a4860, 0x000001f4c89a4c88]
Event: 1.381 Thread 0x000001f4e0831dd0 nmethod 1811 0x000001f4c89a4d08 code [0x000001f4c89a4ec0, 0x000001f4c89a5850]
Event: 1.381 Thread 0x000001f5268b20d0 nmethod 1815 0x000001f4c89a5908 code [0x000001f4c89a5a20, 0x000001f4c89a5b78]
Event: 1.381 Thread 0x000001f4e0831dd0 1816       3       java.util.Arrays::binarySearch (10 bytes)
Event: 1.381 Thread 0x000001f4e09f7c90 nmethod 1813 0x000001f4c89a5c08 code [0x000001f4c89a5e40, 0x000001f4c89a6d40]
Event: 1.381 Thread 0x000001f4e0831dd0 nmethod 1816 0x000001f4c89a6e08 code [0x000001f4c89a6f20, 0x000001f4c89a7068]
Event: 1.382 Thread 0x000001f5269e35e0 1818       3       java.nio.ByteBuffer::<init> (47 bytes)
Event: 1.382 Thread 0x000001f5268b20d0 1819       3       java.util.TreeMap::getEntryUsingComparator (74 bytes)
Event: 1.382 Thread 0x000001f5269e35e0 nmethod 1818 0x000001f4c89a7108 code [0x000001f4c89a7240, 0x000001f4c89a74a0]
Event: 1.383 Thread 0x000001f5268b20d0 nmethod 1819 0x000001f4c89a7508 code [0x000001f4c89a7640, 0x000001f4c89a79d8]
Event: 1.385 Thread 0x000001f52808a130 1820   !   4       java.lang.ref.ReferenceQueue::poll (58 bytes)
Event: 1.386 Thread 0x000001f52808a130 nmethod 1820 0x000001f4d0311f08 code [0x000001f4d0312000, 0x000001f4d0312098]
Event: 1.386 Thread 0x000001f4e0831dd0 1821   !   3       jdk.internal.classfile.impl.DirectCodeBuilder$4::tryGenerateStackMaps (48 bytes)
Event: 1.386 Thread 0x000001f4e09f7c90 1822       3       jdk.internal.classfile.impl.DirectCodeBuilder$4::generateStackMaps (35 bytes)
Event: 1.387 Thread 0x000001f4e0831dd0 nmethod 1821 0x000001f4c89a7a08 code [0x000001f4c89a7b60, 0x000001f4c89a7f68]
Event: 1.387 Thread 0x000001f4e09f7c90 nmethod 1822 0x000001f4c89a7f88 code [0x000001f4c89a8100, 0x000001f4c89a86f0]
Event: 1.401 Thread 0x000001f4e0831dd0 1823 %     3       java.util.Properties$LineReader::readLine @ 224 (584 bytes)
Event: 1.402 Thread 0x000001f5269e35e0 1824       3       java.util.Properties::loadConvert (540 bytes)
Event: 1.404 Thread 0x000001f5269e35e0 nmethod 1824 0x000001f4c89a8788 code [0x000001f4c89a8a00, 0x000001f4c89aa0a0]

GC Heap History (0 events):
No events

Dll operation events (11 events):
Event: 0.041 Loaded shared library C:\Users\gabri\.jdks\openjdk-24\bin\java.dll
Event: 0.043 Loaded shared library C:\Users\gabri\.jdks\openjdk-24\bin\zip.dll
Event: 0.096 Loaded shared library C:\Users\gabri\.jdks\openjdk-24\bin\jsvml.dll
Event: 0.293 Loaded shared library C:\Users\gabri\.jdks\openjdk-24\bin\instrument.dll
Event: 0.376 Loaded shared library C:\Users\gabri\.jdks\openjdk-24\bin\net.dll
Event: 0.378 Loaded shared library C:\Users\gabri\.jdks\openjdk-24\bin\nio.dll
Event: 0.386 Loaded shared library C:\Users\gabri\.jdks\openjdk-24\bin\zip.dll
Event: 0.425 Loaded shared library C:\Users\gabri\.jdks\openjdk-24\bin\extnet.dll
Event: 0.544 Loaded shared library C:\Users\gabri\.jdks\openjdk-24\bin\jimage.dll
Event: 1.242 Loaded shared library C:\Users\gabri\.jdks\openjdk-24\bin\management.dll
Event: 1.277 Loaded shared library C:\Users\gabri\.jdks\openjdk-24\bin\management_ext.dll

Deoptimization events (20 events):
Event: 1.216 Thread 0x000001f4e07f8b50 Uncommon trap: trap_request=0xffffffcc fr.pc=0x000001f4d02f28d8 relative=0x0000000000000298
Event: 1.216 Thread 0x000001f4e07f8b50 Uncommon trap: reason=intrinsic_or_type_checked_inlining action=make_not_entrant pc=0x000001f4d02f28d8 method=java.util.Arrays.copyOf([Ljava/lang/Object;ILjava/lang/Class;)[Ljava/lang/Object; @ 35 c2
Event: 1.216 Thread 0x000001f4e07f8b50 DEOPT PACKING pc=0x000001f4d02f28d8 sp=0x0000000ef25fdec0
Event: 1.216 Thread 0x000001f4e07f8b50 DEOPT UNPACKING pc=0x000001f4cfc67b02 sp=0x0000000ef25fde78 mode 2
Event: 1.243 Thread 0x000001f4bf2026e0 Uncommon trap: trap_request=0xffffff4d fr.pc=0x000001f4d02e1c14 relative=0x00000000000000f4
Event: 1.243 Thread 0x000001f4bf2026e0 Uncommon trap: reason=unstable_if action=reinterpret pc=0x000001f4d02e1c14 method=java.lang.Long.valueOf(J)Ljava/lang/Long; @ 9 c2
Event: 1.244 Thread 0x000001f4bf2026e0 DEOPT PACKING pc=0x000001f4d02e1c14 sp=0x0000000ef1afe350
Event: 1.244 Thread 0x000001f4bf2026e0 DEOPT UNPACKING pc=0x000001f4cfc67b02 sp=0x0000000ef1afe2e8 mode 2
Event: 1.271 Thread 0x000001f4e07f8b50 Uncommon trap: trap_request=0xffffff4d fr.pc=0x000001f4d02ebf64 relative=0x00000000000005a4
Event: 1.271 Thread 0x000001f4e07f8b50 Uncommon trap: reason=unstable_if action=reinterpret pc=0x000001f4d02ebf64 method=java.util.ArrayList.grow(I)[Ljava/lang/Object; @ 17 c2
Event: 1.271 Thread 0x000001f4e07f8b50 DEOPT PACKING pc=0x000001f4d02ebf64 sp=0x0000000ef25feb60
Event: 1.271 Thread 0x000001f4e07f8b50 DEOPT UNPACKING pc=0x000001f4cfc67b02 sp=0x0000000ef25fea38 mode 2
Event: 1.321 Thread 0x000001f4e07f8b50 Uncommon trap: trap_request=0xffffff4d fr.pc=0x000001f4d02d6aa8 relative=0x0000000000000108
Event: 1.321 Thread 0x000001f4e07f8b50 Uncommon trap: reason=unstable_if action=reinterpret pc=0x000001f4d02d6aa8 method=sun.reflect.generics.parser.SignatureParser.current()C @ 39 c2
Event: 1.321 Thread 0x000001f4e07f8b50 DEOPT PACKING pc=0x000001f4d02d6aa8 sp=0x0000000ef25fdd10
Event: 1.321 Thread 0x000001f4e07f8b50 DEOPT UNPACKING pc=0x000001f4cfc67b02 sp=0x0000000ef25fdcb8 mode 2
Event: 1.343 Thread 0x000001f4e07f8b50 Uncommon trap: trap_request=0xffffffc6 fr.pc=0x000001f4d0305308 relative=0x0000000000000428
Event: 1.343 Thread 0x000001f4e07f8b50 Uncommon trap: reason=bimorphic_or_optimized_type_check action=maybe_recompile pc=0x000001f4d0305308 method=java.util.HashMap.getNode(Ljava/lang/Object;)Ljava/util/HashMap$Node; @ 128 c2
Event: 1.343 Thread 0x000001f4e07f8b50 DEOPT PACKING pc=0x000001f4d0305308 sp=0x0000000ef25fdd10
Event: 1.343 Thread 0x000001f4e07f8b50 DEOPT UNPACKING pc=0x000001f4cfc67b02 sp=0x0000000ef25fdc58 mode 2

Classes loaded (20 events):
Event: 1.378 Loading class java/lang/management/MemoryType
Event: 1.378 Loading class java/lang/management/MemoryType done
Event: 1.380 Loading class sun/management/CompilationImpl
Event: 1.380 Loading class java/lang/management/CompilationMXBean
Event: 1.380 Loading class java/lang/management/CompilationMXBean done
Event: 1.381 Loading class sun/management/CompilationImpl done
Event: 1.383 Loading class sun/management/ManagementFactoryHelper$PlatformLoggingImpl
Event: 1.383 Loading class java/lang/management/PlatformLoggingMXBean
Event: 1.383 Loading class java/lang/management/PlatformLoggingMXBean done
Event: 1.383 Loading class sun/management/ManagementFactoryHelper$PlatformLoggingImpl done
Event: 1.384 Loading class java/util/logging/LoggingMXBean
Event: 1.384 Loading class java/util/logging/LoggingMXBean done
Event: 1.390 Loading class java/util/logging/LogManager$SystemLoggerContext
Event: 1.390 Loading class java/util/logging/LogManager$SystemLoggerContext done
Event: 1.392 Loading class java/util/logging/LogManager$LoggingProviderAccess
Event: 1.392 Loading class java/util/logging/LogManager$LoggingProviderAccess done
Event: 1.393 Loading class java/util/logging/Logging
Event: 1.393 Loading class java/util/logging/Logging done
Event: 1.393 Loading class java/util/logging/LogManager$RootLogger
Event: 1.393 Loading class java/util/logging/LogManager$RootLogger done

Classes unloaded (0 events):
No events

Classes redefined (1 events):
Event: 0.355 Thread 0x000001f4e07e1800 redefined class name=java.lang.Throwable, count=1

Internal exceptions (20 events):
Event: 0.429 Thread 0x000001f4e07fb730 Exception <a 'java/lang/NoSuchMethodError'{0x000000071405a160}: 'void java.lang.invoke.DirectMethodHandle$Holder.invokeStatic(java.lang.Object, java.lang.Object)'> (0x000000071405a160) 
thrown [s\open\src\hotspot\share\interpreter\linkResolver.cpp, line 805]
Event: 0.777 Thread 0x000001f4bf2026e0 Implicit null exception at 0x000001f4d02bf656 to 0x000001f4d02bf6f6
Event: 0.778 Thread 0x000001f4bf2026e0 Implicit null exception at 0x000001f4d02bfc1d to 0x000001f4d02bfc9d
Event: 0.808 Thread 0x000001f4bf2026e0 Exception <a 'java/lang/NoSuchMethodError'{0x00000007135d9bd8}: 'void java.lang.invoke.DirectMethodHandle$Holder.invokeStaticInit(java.lang.Object)'> (0x00000007135d9bd8) 
thrown [s\open\src\hotspot\share\interpreter\linkResolver.cpp, line 805]
Event: 0.834 Thread 0x000001f4bf2026e0 Exception <a 'java/lang/NoSuchMethodError'{0x000000071328e3f0}: 'void java.lang.invoke.DirectMethodHandle$Holder.invokeSpecial(java.lang.Object, java.lang.Object, java.lang.Object)'> (0x000000071328e3f0) 
thrown [s\open\src\hotspot\share\interpreter\linkResolver.cpp, line 805]
Event: 0.853 Thread 0x000001f4bf2026e0 Exception <a 'java/lang/NoSuchMethodError'{0x00000007133094f0}: 'java.lang.Object java.lang.invoke.DirectMethodHandle$Holder.newInvokeSpecial(java.lang.Object, java.lang.Object, java.lang.Object, java.lang.Object, java.lang.Object)'> (0x00000007133094f0) 
thrown [s\open\src\hotspot\share\interpreter\linkResolver.cpp, line 805]
Event: 0.947 Thread 0x000001f4bf2026e0 Exception <a 'java/lang/NoSuchMethodError'{0x00000007130bf1c0}: 'long java.lang.invoke.DirectMethodHandle$Holder.invokeVirtual(java.lang.Object, java.lang.Object)'> (0x00000007130bf1c0) 
thrown [s\open\src\hotspot\share\interpreter\linkResolver.cpp, line 805]
Event: 1.056 Thread 0x000001f4bf2026e0 Exception <a 'java/lang/NoSuchMethodError'{0x0000000712c2a898}: 'int java.lang.invoke.DirectMethodHandle$Holder.invokeSpecial(java.lang.Object, java.lang.Object, java.lang.Object)'> (0x0000000712c2a898) 
thrown [s\open\src\hotspot\share\interpreter\linkResolver.cpp, line 805]
Event: 1.159 Thread 0x000001f4e07f8b50 Exception <a 'java/lang/NoSuchMethodError'{0x0000000712de35b8}: 'java.lang.Object java.lang.invoke.DirectMethodHandle$Holder.newInvokeSpecial(java.lang.Object, java.lang.Object, java.lang.Object, int)'> (0x0000000712de35b8) 
thrown [s\open\src\hotspot\share\interpreter\linkResolver.cpp, line 805]
Event: 1.160 Thread 0x000001f4e07f8b50 Exception <a 'java/lang/NoSuchMethodError'{0x0000000712dec2d8}: 'java.lang.Object java.lang.invoke.Invokers$Holder.linkToTargetMethod(java.lang.Object, java.lang.Object, int, java.lang.Object)'> (0x0000000712dec2d8) 
thrown [s\open\src\hotspot\share\interpreter\linkResolver.cpp, line 805]
Event: 1.177 Thread 0x000001f4e07f8b50 Exception <a 'java/lang/NoSuchMethodError'{0x0000000712844470}: 'long java.lang.invoke.DirectMethodHandle$Holder.invokeSpecial(java.lang.Object, java.lang.Object)'> (0x0000000712844470) 
thrown [s\open\src\hotspot\share\interpreter\linkResolver.cpp, line 805]
Event: 1.183 Thread 0x000001f4bf2026e0 Exception <a 'java/lang/NoSuchMethodError'{0x00000007128f5dd8}: 'void java.lang.invoke.DirectMethodHandle$Holder.invokeSpecial(java.lang.Object, java.lang.Object, int)'> (0x00000007128f5dd8) 
thrown [s\open\src\hotspot\share\interpreter\linkResolver.cpp, line 805]
Event: 1.184 Thread 0x000001f4bf2026e0 Exception <a 'java/lang/NoSuchMethodError'{0x00000007128fda18}: 'void java.lang.invoke.Invokers$Holder.invokeExact_MT(java.lang.Object, int, java.lang.Object)'> (0x00000007128fda18) 
thrown [s\open\src\hotspot\share\interpreter\linkResolver.cpp, line 805]
Event: 1.192 Thread 0x000001f4bf2026e0 Exception <a 'java/lang/NoSuchMethodError'{0x0000000712919b18}: 'void java.lang.invoke.DirectMethodHandle$Holder.invokeStatic(java.lang.Object, java.lang.Object, int)'> (0x0000000712919b18) 
thrown [s\open\src\hotspot\share\interpreter\linkResolver.cpp, line 805]
Event: 1.195 Thread 0x000001f4bf2026e0 Exception <a 'java/lang/NoSuchMethodError'{0x00000007129292f8}: 'java.lang.Object java.lang.invoke.DirectMethodHandle$Holder.newInvokeSpecial(java.lang.Object, java.lang.Object, int)'> (0x00000007129292f8) 
thrown [s\open\src\hotspot\share\interpreter\linkResolver.cpp, line 805]
Event: 1.216 Thread 0x000001f4bf2026e0 Exception <a 'sun/nio/fs/WindowsException'{0x00000007129758b8}> (0x00000007129758b8) 
thrown [s\open\src\hotspot\share\prims\jni.cpp, line 518]
Event: 1.220 Thread 0x000001f4bf2026e0 Exception <a 'sun/nio/fs/WindowsException'{0x0000000712983ff0}> (0x0000000712983ff0) 
thrown [s\open\src\hotspot\share\prims\jni.cpp, line 518]
Event: 1.225 Thread 0x000001f4bf2026e0 Exception <a 'sun/nio/fs/WindowsException'{0x0000000712996958}> (0x0000000712996958) 
thrown [s\open\src\hotspot\share\prims\jni.cpp, line 518]
Event: 1.292 Thread 0x000001f4e07f8b50 Exception <a 'java/lang/NoSuchMethodError'{0x00000007126b2bd0}: 'int java.lang.invoke.DirectMethodHandle$Holder.invokeInterface(java.lang.Object, java.lang.Object)'> (0x00000007126b2bd0) 
thrown [s\open\src\hotspot\share\interpreter\linkResolver.cpp, line 805]
Event: 1.293 Thread 0x000001f4e07f8b50 Exception <a 'java/lang/IncompatibleClassChangeError'{0x00000007126ba870}: Found class java.lang.Object, but interface was expected> (0x00000007126ba870) 
thrown [s\open\src\hotspot\share\interpreter\linkResolver.cpp, line 872]

VM Operations (20 events):
Event: 0.272 Executing VM operation: HandshakeAllThreads (Deoptimize)
Event: 0.272 Executing VM operation: HandshakeAllThreads (Deoptimize) done
Event: 0.354 Executing VM operation: RedefineClasses
Event: 0.358 Executing VM operation: RedefineClasses done
Event: 0.842 Executing VM operation: HandshakeAllThreads (Deoptimize)
Event: 0.842 Executing VM operation: HandshakeAllThreads (Deoptimize) done
Event: 1.115 Executing VM operation: HandshakeAllThreads (Deoptimize)
Event: 1.115 Executing VM operation: HandshakeAllThreads (Deoptimize) done
Event: 1.175 Executing VM operation: HandshakeAllThreads (Deoptimize)
Event: 1.176 Executing VM operation: HandshakeAllThreads (Deoptimize) done
Event: 1.187 Executing VM operation: HandshakeAllThreads (Deoptimize)
Event: 1.187 Executing VM operation: HandshakeAllThreads (Deoptimize) done
Event: 1.206 Executing VM operation: HandshakeAllThreads (Deoptimize)
Event: 1.206 Executing VM operation: HandshakeAllThreads (Deoptimize) done
Event: 1.228 Executing VM operation: HandshakeAllThreads (Deoptimize)
Event: 1.228 Executing VM operation: HandshakeAllThreads (Deoptimize) done
Event: 1.269 Executing VM operation: JFRSafepointClear
Event: 1.269 Executing VM operation: JFRSafepointClear done
Event: 1.310 Executing VM operation: HandshakeAllThreads (Deoptimize)
Event: 1.310 Executing VM operation: HandshakeAllThreads (Deoptimize) done

Memory protections (0 events):
No events

Nmethod flushes (0 events):
No events

Events (20 events):
Event: 0.091 Thread 0x000001f4bf2026e0 Thread added: 0x000001f4e07f8b50
Event: 0.091 Thread 0x000001f4bf2026e0 Thread added: 0x000001f4e07fa890
Event: 0.091 Thread 0x000001f4bf2026e0 Thread added: 0x000001f4e07f8400
Event: 0.091 Thread 0x000001f4bf2026e0 Thread added: 0x000001f4e081f100
Event: 0.092 Thread 0x000001f4bf2026e0 Thread added: 0x000001f4e0831dd0
Event: 0.265 Thread 0x000001f4bf2026e0 Thread added: 0x000001f4e07f92a0
Event: 0.272 Thread 0x000001f4e0831dd0 Thread added: 0x000001f4e09f7c90
Event: 0.359 Thread 0x000001f4bf2026e0 Thread added: 0x000001f4e07fafe0
Event: 0.400 Thread 0x000001f4bf2026e0 Thread added: 0x000001f4e07fb730
Event: 0.459 Thread 0x000001f4e081f100 Thread added: 0x000001f5268b20d0
Event: 0.459 Thread 0x000001f4e081f100 Thread added: 0x000001f5269e35e0
Event: 0.527 Thread 0x000001f4e081f100 Thread added: 0x000001f526bf1920
Event: 0.527 Thread 0x000001f4e081f100 Thread added: 0x000001f526bf34c0
Event: 0.779 Thread 0x000001f526bf34c0 Thread exited: 0x000001f526bf34c0
Event: 0.800 Thread 0x000001f4bf2026e0 Thread added: 0x000001f52634dc80
Event: 0.808 Thread 0x000001f526bf1920 Thread exited: 0x000001f526bf1920
Event: 0.967 Thread 0x000001f4e081f100 Thread added: 0x000001f5280881f0
Event: 0.967 Thread 0x000001f4e081f100 Thread added: 0x000001f528088980
Event: 0.968 Thread 0x000001f5268b20d0 Thread added: 0x000001f52808a130
Event: 1.203 Thread 0x000001f4bf2026e0 Thread added: 0x000001f52634bf40


Dynamic libraries:
0x00007ff649180000 - 0x00007ff64918e000 	C:\Users\gabri\.jdks\openjdk-24\bin\java.exe
0x00007ffd71560000 - 0x00007ffd717c7000 	C:\WINDOWS\SYSTEM32\ntdll.dll
0x00007ffd6ffe0000 - 0x00007ffd700a9000 	C:\WINDOWS\System32\KERNEL32.DLL
0x00007ffd6ee20000 - 0x00007ffd6f217000 	C:\WINDOWS\System32\KERNELBASE.dll
0x00007ffd6e200000 - 0x00007ffd6e34b000 	C:\WINDOWS\System32\ucrtbase.dll
0x00007ffd47350000 - 0x00007ffd4736b000 	C:\Users\gabri\.jdks\openjdk-24\bin\VCRUNTIME140.dll
0x00007ffd0f6c0000 - 0x00007ffd0f6d6000 	C:\Users\gabri\.jdks\openjdk-24\bin\jli.dll
0x00007ffd6f500000 - 0x00007ffd6f6c6000 	C:\WINDOWS\System32\USER32.dll
0x00007ffd540e0000 - 0x00007ffd54372000 	C:\WINDOWS\WinSxS\amd64_microsoft.windows.common-controls_6595b64144ccf1df_6.0.26100.8457_none_3e0b2faee331e92d\COMCTL32.dll
0x00007ffd6ec70000 - 0x00007ffd6ec97000 	C:\WINDOWS\System32\win32u.dll
0x00007ffd701d0000 - 0x00007ffd70279000 	C:\WINDOWS\System32\msvcrt.dll
0x00007ffd6fdc0000 - 0x00007ffd6fdeb000 	C:\WINDOWS\System32\GDI32.dll
0x00007ffd6df90000 - 0x00007ffd6e0bc000 	C:\WINDOWS\System32\gdi32full.dll
0x00007ffd6ebc0000 - 0x00007ffd6ec63000 	C:\WINDOWS\System32\msvcp_win.dll
0x00007ffd6fe30000 - 0x00007ffd6fe62000 	C:\WINDOWS\System32\IMM32.DLL
0x00007ffd352d0000 - 0x00007ffd352dc000 	C:\Users\gabri\.jdks\openjdk-24\bin\vcruntime140_1.dll
0x00007ffcdd8b0000 - 0x00007ffcdd93e000 	C:\Users\gabri\.jdks\openjdk-24\bin\msvcp140.dll
0x00007ffca36c0000 - 0x00007ffca4462000 	C:\Users\gabri\.jdks\openjdk-24\bin\server\jvm.dll
0x00007ffd6fa10000 - 0x00007ffd6fac6000 	C:\WINDOWS\System32\ADVAPI32.dll
0x00007ffd71470000 - 0x00007ffd71517000 	C:\WINDOWS\System32\sechost.dll
0x00007ffd700b0000 - 0x00007ffd701c8000 	C:\WINDOWS\System32\RPCRT4.dll
0x00007ffd6fd30000 - 0x00007ffd6fdb0000 	C:\WINDOWS\System32\WS2_32.dll
0x00007ffd6de10000 - 0x00007ffd6de6e000 	C:\WINDOWS\SYSTEM32\POWRPROF.dll
0x00007ffd63630000 - 0x00007ffd63666000 	C:\WINDOWS\SYSTEM32\WINMM.dll
0x00007ffd5d0a0000 - 0x00007ffd5d0ab000 	C:\WINDOWS\SYSTEM32\VERSION.dll
0x00007ffd6ddf0000 - 0x00007ffd6de04000 	C:\WINDOWS\SYSTEM32\UMPDC.dll
0x00007ffd6ccf0000 - 0x00007ffd6cd0b000 	C:\WINDOWS\SYSTEM32\kernel.appcore.dll
0x00007ffd1e590000 - 0x00007ffd1e59a000 	C:\Users\gabri\.jdks\openjdk-24\bin\jimage.dll
0x00007ffd6bb50000 - 0x00007ffd6bd92000 	C:\WINDOWS\SYSTEM32\DBGHELP.DLL
0x00007ffd70f00000 - 0x00007ffd71283000 	C:\WINDOWS\System32\combase.dll
0x00007ffd6ff00000 - 0x00007ffd6ffd9000 	C:\WINDOWS\System32\OLEAUT32.dll
0x00007ffd53490000 - 0x00007ffd534cb000 	C:\WINDOWS\SYSTEM32\dbgcore.DLL
0x00007ffd6e150000 - 0x00007ffd6e1f8000 	C:\WINDOWS\System32\bcryptPrimitives.dll
0x00007ffd42660000 - 0x00007ffd4266f000 	C:\Users\gabri\.jdks\openjdk-24\bin\instrument.dll
0x00007ffd066b0000 - 0x00007ffd066ce000 	C:\Users\gabri\.jdks\openjdk-24\bin\java.dll
0x00007ffd6f360000 - 0x00007ffd6f4f7000 	C:\WINDOWS\System32\ole32.dll
0x00007ffd70780000 - 0x00007ffd70eee000 	C:\WINDOWS\System32\SHELL32.dll
0x00007ffd18270000 - 0x00007ffd18468000 	C:\Users\gabri\AppData\Local\Temp\idea_libasyncProfiler_dll_temp_folder\libasyncProfiler.dll
0x00007ffcfcac0000 - 0x00007ffcfcad7000 	C:\Users\gabri\.jdks\openjdk-24\bin\zip.dll
0x00007ffd6e350000 - 0x00007ffd6ebbc000 	C:\WINDOWS\System32\windows.storage.dll
0x00007ffd6f880000 - 0x00007ffd6f976000 	C:\WINDOWS\System32\SHCORE.dll
0x00007ffd6fe90000 - 0x00007ffd6fef6000 	C:\WINDOWS\System32\shlwapi.dll
0x00007ffd6deb0000 - 0x00007ffd6ded9000 	C:\WINDOWS\SYSTEM32\profapi.dll
0x00007ffcb7de0000 - 0x00007ffcb7eb7000 	C:\Users\gabri\.jdks\openjdk-24\bin\jsvml.dll
0x00007ffd1e550000 - 0x00007ffd1e560000 	C:\Users\gabri\.jdks\openjdk-24\bin\net.dll
0x00007ffd6d240000 - 0x00007ffd6d2ac000 	C:\WINDOWS\system32\mswsock.dll
0x00007ffd02e40000 - 0x00007ffd02e56000 	C:\Users\gabri\.jdks\openjdk-24\bin\nio.dll
0x00007ffd19840000 - 0x00007ffd19849000 	C:\Users\gabri\.jdks\openjdk-24\bin\extnet.dll
0x00007ffd6c7c0000 - 0x00007ffd6c8f2000 	C:\WINDOWS\SYSTEM32\DNSAPI.dll
0x00007ffd6c720000 - 0x00007ffd6c752000 	C:\WINDOWS\SYSTEM32\IPHLPAPI.DLL
0x00007ffd6fe20000 - 0x00007ffd6fe2a000 	C:\WINDOWS\System32\NSI.dll
0x00007ffd67420000 - 0x00007ffd6742b000 	C:\Windows\System32\rasadhlp.dll
0x00007ffd68140000 - 0x00007ffd681c6000 	C:\WINDOWS\System32\fwpuclnt.dll
0x00007ffd42690000 - 0x00007ffd4269a000 	C:\Users\gabri\.jdks\openjdk-24\bin\management.dll
0x00007ffd42680000 - 0x00007ffd4268b000 	C:\Users\gabri\.jdks\openjdk-24\bin\management_ext.dll
0x00007ffd71290000 - 0x00007ffd71298000 	C:\WINDOWS\System32\PSAPI.DLL

dbghelp: loaded successfully - version: 4.0.5 - missing functions: none
symbol engine: initialized successfully - sym options: 0x614 - pdb path: .;C:\Users\gabri\.jdks\openjdk-24\bin;C:\WINDOWS\SYSTEM32;C:\WINDOWS\WinSxS\amd64_microsoft.windows.common-controls_6595b64144ccf1df_6.0.26100.8457_none_3e0b2faee331e92d;C:\Users\gabri\.jdks\openjdk-24\bin\server;C:\Users\gabri\AppData\Local\Temp\idea_libasyncProfiler_dll_temp_folder

VM Arguments:
jvm_args: -javaagent:C:\Users\gabri\AppData\Local\JetBrains\IntelliJIdea2025.1\captureAgent\debugger-agent.jar=file:///C:/Users/gabri/AppData/Local/Temp/capture449426166865993136.props -ea -Didea.test.cyclic.buffer.size=1048576 -javaagent:C:\Users\gabri\AppData\Local\Programs\IntelliJ IDEA Ultimate\lib\idea_rt.jar=64146 -Dkotlinx.coroutines.debug.enable.creation.stack.trace=false -Ddebugger.agent.enable.coroutines=true -Dkotlinx.coroutines.debug.enable.flows.stack.trace=true -Dkotlinx.coroutines.debug.enable.mutable.state.flows.stack.trace=true -agentpath:C:\Users\gabri\AppData\Local\Temp\idea_libasyncProfiler_dll_temp_folder\libasyncProfiler.dll=start,jfr,event=wall,interval=10ms,jfrsync=profile,cstack=no,file=C:\Users\gabri\IdeaSnapshots\ReviewsControllerIntegrationTest_2026_05_14_140627.jfr,dbghelppath=C:\Users\gabri\AppData\Local\Temp\idea_dbghelp_dll_temp_folder\dbghelp.dll,log=C:\Users\gabri\AppData\Local\Temp\ReviewsControllerIntegrationTest_2026_05_14_140627.jfr.log.txt,logLevel=DEBUG -Dfile.encoding=UTF-8 -Dsun.stdout.encoding=UTF-8 -Dsun.stderr.encoding=UTF-8 
java_command: com.intellij.rt.junit.JUnitStarter -ideVersion5 -junit5 com.paxtech.utime.platform.reviews.interfaces.rest.ReviewsControllerIntegrationTest
java_class_path (initial): C:\Users\gabri\.m2\repository\org\junit\platform\junit-platform-launcher\1.12.2\junit-platform-launcher-1.12.2.jar;C:\Users\gabri\AppData\Local\Programs\IntelliJ IDEA Ultimate\lib\idea_rt.jar;C:\Users\gabri\AppData\Local\Programs\IntelliJ IDEA Ultimate\plugins\junit\lib\junit5-rt.jar;C:\Users\gabri\AppData\Local\Programs\IntelliJ IDEA Ultimate\plugins\junit\lib\junit-rt.jar;C:\Users\gabri\OneDrive\Desktop\Dise隳 de experimentos\backend\target\test-classes;C:\Users\gabri\OneDrive\Desktop\Dise隳 de experimentos\backend\target\classes;C:\Users\gabri\.m2\repository\org\springframework\boot\spring-boot-starter-web\3.5.0\spring-boot-starter-web-3.5.0.jar;C:\Users\gabri\.m2\repository\org\springframework\boot\spring-boot-starter\3.5.0\spring-boot-starter-3.5.0.jar;C:\Users\gabri\.m2\repository\org\springframework\boot\spring-boot-starter-logging\3.5.0\spring-boot-starter-logging-3.5.0.jar;C:\Users\gabri\.m2\repository\ch\qos\logback\logback-classic\1.5.18\logback-classic-1.5.18.jar;C:\Users\gabri\.m2\repository\ch\qos\logback\logback-core\1.5.18\logback-core-1.5.18.jar;C:\Users\gabri\.m2\repository\org\apache\logging\log4j\log4j-to-slf4j\2.24.3\log4j-to-slf4j-2.24.3.jar;C:\Users\gabri\.m2\repository\org\apache\logging\log4j\log4j-api\2.24.3\log4j-api-2.24.3.jar;C:\Users\gabri\.m2\repository\org\slf4j\jul-to-slf4j\2.0.17\jul-to-slf4j-2.0.17.jar;C:\Users\gabri\.m2\repository\jakarta\annotation\jakarta.annotation-api\2.1.1\jakarta.annotation-api-2.1.1.jar;C:\Users\gabri\.m2\repository\org\yaml\snakeyaml\2.4\snakeyaml-2.4.jar;C:\Users\gabri\.m2\repository\org\springframework\boot\spring-boot-starter-json\3.5.0\spring-boot-starter-json-3.5.0.jar;C:\Users\gabri\.m2\repository\com\fasterxml\jackson\datatype\jackson-datatype-jdk8\2.19.0\jackson-datatype-jdk8-2.19.0.jar;C:\Users\gabri\.m2\repository\com\fasterxml\jackson\module\jackson-module-parameter-names\2.19.0\jackson-module-parameter-names-2.19.0.jar;C:\Users\gabri\.m2\repository\org\springframework\boot\spring-boot-starter-tomcat\3.5.0\spring-boot-starter-tomcat-3.5.0.jar;C:\Users\gabri\.m2\repository\org\apache\tomcat\embed\tomcat-embed-core\10.1.41\tomcat-embed-core-10.1.41.jar;C:\Users\gabri\.m2\repository\org\apache\tomcat\embed\tomcat-embed-websocket\10.1.41\tomcat-embed-websocket-10.1.41.jar;C:\Users\gabri\.m2\repository\org\springframework\spring-web\6.2.7\spring-web-6.2.7.jar;C:\Users\gabri\.m2\repository\org\springframework\spring-beans\6.2.7\spring-beans-6.2.7.jar;C:\Users\gabri\.m2\repository\io\micrometer\micrometer-observation\1.15.0\micrometer-observation-1.15.0.jar;C:\Users\gabri\.m2\repository\io\micrometer\micrometer-commons\1.15.0\micrometer-commons-1.15.0.jar;C:\Users\gabri\.m2\repository\org\springframework\spring-webmvc\6.2.7\spring-webmvc-6.2.7.jar;C:\Users\gabri\.m2\repository\org\springframework\spring-context\6.2.7\spring-context-6.2.7.jar;C:\Users\gabri\.m2\repository\org\springframework\spring-expression\6.2.7\spring-expression-6.2.7.jar;C:\Users\gabri\.m2\repository\org\springframework\boot\spring-boot-starter-security\3.5.0\spring-boot-starter-security-3.5.0.jar;C:\Users\gabri\.m2\repository\org\springframework\spring-aop\6.2.7\spring-aop-6.2.7.jar;C:\Users\gabri\.m2\repository\org\springframework\security\spring-security-config\6.5.0\spring-security-config-6.5.0.jar;C:\Users\gabri\.m2\repository\org\springframework\security\spring-security-core\6.5.0\spring-security-core-6.5.0.jar;C:\Users\gabri\.m2\repository\org\springframework\security\spring-security-crypto\6.5.0\spring-security-crypto-6.5.0.jar;C:\Users\gabri\.m2\repository\org\springframework\security\spring-security-web\6.5.0\spring-security-web-6.5.0.jar;C:\Users\gabri\.m2\repository\org\springframework\boot\spring-boot-devtools\3.5.0\spring-boot-devtools-3.5.0.jar;C:\Users\gabri\.m2\repository\org\springframework\boot\spring-boot\3.5.0\spring-boot-3.5.0.jar;C:\Users\gabri\.m2\repository\org\springframework\boot\spring-boot-autoconfigure\3.5.0\spring-boot-autoconfigure-3.5.0.jar;C:\Users\gabri\.m2\repository\org\springframework\boot\spring-boot-starter-test\3.5.0\spring-boot-starter-test-3.5.0.jar;C:\Users\gabri\.m2\repository\org\springframework\boot\spring-boot-test\3.5.0\spring-boot-test-3.5.0.jar;C:\Users\gabri\.m2\repository\org\springframework\boot\spring-boot-test-autoconfigure\3.5.0\spring-boot-test-autoconfigure-3.5.0.jar;C:\Users\gabri\.m2\repository\com\jayway\jsonpath\json-path\2.9.0\json-path-2.9.0.jar;C:\Users\gabri\.m2\repository\org\slf4j\slf4j-api\2.0.17\slf4j-api-2.0.17.jar;C:\Users\gabri\.m2\repository\jakarta\xml\bind\jakarta.xml.bind-api\4.0.2\jakarta.xml.bind-api-4.0.2.jar;C:\Users\gabri\.m2\repository\jakarta\activation\jakarta.activation-api\2.1.3\jakarta.activation-api-2.1.3.jar;C:\Users\gabri\.m2\repository\net\minidev\json-smart\2.5.2\json-smart-2.5.2.jar;C:\Users\gabri\.m2\repository\net\minidev\accessors-smart\2.5.2\accessors-smart-2.5.2.jar;C:\Users\gabri\.m2\repository\org\ow2\asm\asm\9.7.1\asm-9.7.1.jar;C:\Users\gabri\.m2\repository\org\assertj\assertj-core\3.27.3\assertj-core-3.27.3.jar;C:\Users\gabri\.m2\repository\net\bytebuddy\byte-buddy\1.17.5\byte-buddy-1.17.5.jar;C:\Users\gabri\.m2\repository\org\awaitility\awaitility\4.3.0\awaitility-4.3.0.jar;C:\Users\gabri\.m2\repository\org\hamcrest\hamcrest\3.0\hamcrest-3.0.jar;C:\Users\gabri\.m2\repository\org\junit\jupiter\junit-jupiter\5.12.2\junit-jupiter-5.12.2.jar;C:\Users\gabri\.m2\repository\org\junit\jupiter\junit-jupiter-api\5.12.2\junit-jupiter-api-5.12.2.jar;C:\Users\gabri\.m2\repository\org\opentest4j\opentest4j\1.3.0\opentest4j-1.3.0.jar;C:\Users\gabri\.m2\repository\org\junit\platform\junit-platform-commons\1.12.2\junit-platform-commons-1.12.2.jar;C:\Users\gabri\.m2\repository\org\apiguardian\apiguardian-api\1.1.2\apiguardian-api-1.1.2.jar;C:\Users\gabri\.m2\repository\org\junit\jupiter\junit-jupiter-params\5.12.2\junit-jupiter-params-5.12.2.jar;C:\Users\gabri\.m2\repository\org\junit\jupiter\junit-jupiter-engine\5.12.2\junit-jupiter-engine-5.12.2.jar;C:\Users\gabri\.m2\repository\org\junit\platform\junit-platform-engine\1.12.2\junit-platform-engine-1.12.2.jar;C:\Users\gabri\.m2\repository\org\mockito\mockito-core\5.17.0\mockito-core-5.17.0.jar;C:\Users\gabri\.m2\repository\net\bytebuddy\byte-buddy-agent\1.17.5\byte-buddy-agent-1.17.5.jar;C:\Users\gabri\.m2\repository\org\objenesis\objenesis\3.3\objenesis-3.3.jar;C:\Users\gabri\.m2\repository\org\mockito\mockito-junit-jupiter\5.17.0\mockito-junit-jupiter-5.17.0.jar;C:\Users\gabri\.m2\repository\org\skyscreamer\jsonassert\1.5.3\jsonassert-1.5.3.jar;C:\Users\gabri\.m2\repository\com\vaadin\external\google\android-json\0.0.20131108.vaadin1\android-json-0.0.20131108.vaadin1.jar;C:\Users\gabri\.m2\repository\org\springframework\spring-core\6.2.7\spring-core-6.2.7.jar;C:\Users\gabri\.m2\repository\org\springframework\spring-jcl\6.2.7\spring-jcl-6.2.7.jar;C:\Users\gabri\.m2\repository\org\springframework\spring-test\6.2.7\spring-test-6.2.7.jar;C:\Users\gabri\.m2\repository\org\xmlunit\xmlunit-core\2.10.1\xmlunit-core-2.10.1.jar;C:\Users\gabri\.m2\repository\com\h2database\h2\2.3.232\h2-2.3.232.jar;C:\Users\gabri\.m2\repository\com\squareup\okhttp3\okhttp\4.12.0\okhttp-4.12.0.jar;C:\Users\gabri\.m2\repository\com\squareup\okio\okio\3.6.0\okio-3.6.0.jar;C:\Users\gabri\.m2\repository\com\squareup\okio\okio-jvm\3.6.0\okio-jvm-3.6.0.jar;C:\Users\gabri\.m2\repository\org\jetbrains\kotlin\kotlin-stdlib-common\1.9.25\kotlin-stdlib-common-1.9.25.jar;C:\Users\gabri\.m2\repository\org\jetbrains\kotlin\kotlin-stdlib-jdk8\1.9.25\kotlin-stdlib-jdk8-1.9.25.jar;C:\Users\gabri\.m2\repository\org\jetbrains\kotlin\kotlin-stdlib\1.9.25\kotlin-stdlib-1.9.25.jar;C:\Users\gabri\.m2\repository\org\jetbrains\annotations\13.0\annotations-13.0.jar;C:\Users\gabri\.m2\repository\org\jetbrains\kotlin\kotlin-stdlib-jdk7\1.9.25\kotlin-stdlib-jdk7-1.9.25.jar;C:\Users\gabri\.m2\repository\com\amazonaws\aws-java-sdk-core\1.12.470\aws-java-sdk-core-1.12.470.jar;C:\Users\gabri\.m2\repository\commons-logging\commons-logging\1.1.3\commons-logging-1.1.3.jar;C:\Users\gabri\.m2\repository\commons-codec\commons-codec\1.18.0\commons-codec-1.18.0.jar;C:\Users\gabri\.m2\repository\org\apache\httpcomponents\httpclient\4.5.13\httpclient-4.5.13.jar;C:\Users\gabri\.m2\repository\org\apache\httpcomponents\httpcore\4.4.16\httpcore-4.4.16.jar;C:\Users\gabri\.m2\repository\software\amazon\ion\ion-java\1.0.2\ion-java-1.0.2.jar;C:\Users\gabri\.m2\repository\com\fasterxml\jackson\core\jackson-databind\2.19.0\jackson-databind-2.19.0.jar;C:\Users\gabri\.m2\repository\com\fasterxml\jackson\core\jackson-annotations\2.19.0\jackson-annotations-2.19.0.jar;C:\Users\gabri\.m2\repository\com\fasterxml\jackson\core\jackson-core\2.19.0\jackson-core-2.19.0.jar;C:\Users\gabri\.m2\repository\com\fasterxml\jackson\dataformat\jackson-dataformat-cbor\2.19.0\jackson-dataformat-cbor-2.19.0.jar;C:\Users\gabri\.m2\repository\joda-time\joda-time\2.8.1\joda-time-2.8.1.jar;C:\Users\gabri\.m2\repository\com\stripe\stripe-java\24.16.0\stripe-java-24.16.0.jar;C:\Users\gabri\.m2\repository\com\google\code\gson\gson\2.13.1\gson-2.13.1.jar;C:\Users\gabri\.m2\repository\com\google\errorprone\error_prone_annotations\2.38.0\error_prone_annotations-2.38.0.jar;C:\Users\gabri\.m2\repository\org\projectlombok\lombok\1.18.38\lombok-1.18.38.jar;C:\Users\gabri\.m2\repository\org\springframework\boot\spring-boot-starter-data-jpa\3.5.0\spring-boot-starter-data-jpa-3.5.0.jar;C:\Users\gabri\.m2\repository\org\springframework\boot\spring-boot-starter-jdbc\3.5.0\spring-boot-starter-jdbc-3.5.0.jar;C:\Users\gabri\.m2\repository\com\zaxxer\HikariCP\6.3.0\HikariCP-6.3.0.jar;C:\Users\gabri\.m2\repository\org\springframework\spring-jdbc\6.2.7\spring-jdbc-6.2.7.jar;C:\Users\gabri\.m2\repository\org\hibernate\orm\hibernate-core\6.6.15.Final\hibernate-core-6.6.15.Final.jar;C:\Users\gabri\.m2\repository\jakarta\persistence\jakarta.persistence-api\3.1.0\jakarta.persistence-api-3.1.0.jar;C:\Users\gabri\.m2\repository\jakarta\transaction\jakarta.transaction-api\2.0.1\jakarta.transaction-api-2.0.1.jar;C:\Users\gabri\.m2\repository\org\jboss\logging\jboss-logging\3.6.1.Final\jboss-logging-3.6.1.Final.jar;C:\Users\gabri\.m2\repository\org\hibernate\common\hibernate-commons-annotations\7.0.3.Final\hibernate-commons-annotations-7.0.3.Final.jar;C:\Users\gabri\.m2\repository\io\smallrye\jandex\3.2.0\jandex-3.2.0.jar;C:\Users\gabri\.m2\repository\com\fasterxml\classmate\1.7.0\classmate-1.7.0.jar;C:\Users\gabri\.m2\repository\org\glassfish\jaxb\jaxb-runtime\4.0.5\jaxb-runtime-4.0.5.jar;C:\Users\gabri\.m2\repository\org\glassfish\jaxb\jaxb-core\4.0.5\jaxb-core-4.0.5.jar;C:\Users\gabri\.m2\repository\org\eclipse\angus\angus-activation\2.0.2\angus-activation-2.0.2.jar;C:\Users\gabri\.m2\repository\org\glassfish\jaxb\txw2\4.0.5\txw2-4.0.5.jar;C:\Users\gabri\.m2\repository\com\sun\istack\istack-commons-runtime\4.1.2\istack-commons-runtime-4.1.2.jar;C:\Users\gabri\.m2\repository\jakarta\inject\jakarta.inject-api\2.0.1\jakarta.inject-api-2.0.1.jar;C:\Users\gabri\.m2\repository\org\antlr\antlr4-runtime\4.13.0\antlr4-runtime-4.13.0.jar;C:\Users\gabri\.m2\repository\org\springframework\data\spring-data-jpa\3.5.0\spring-data-jpa-3.5.0.jar;C:\Users\gabri\.m2\repository\org\springframework\data\spring-data-commons\3.5.0\spring-data-commons-3.5.0.jar;C:\Users\gabri\.m2\repository\org\springframework\spring-orm\6.2.7\spring-orm-6.2.7.jar;C:\Users\gabri\.m2\repository\org\springframework\spring-tx\6.2.7\spring-tx-6.2.7.jar;C:\Users\gabri\.m2\repository\org\springframework\spring-aspects\6.2.7\spring-aspects-6.2.7.jar;C:\Users\gabri\.m2\repository\org\aspectj\aspectjweaver\1.9.24\aspectjweaver-1.9.24.jar;C:\Users\gabri\.m2\repository\org\springframework\boot\spring-boot-starter-validation\3.5.0\spring-boot-starter-validation-3.5.0.jar;C:\Users\gabri\.m2\repository\org\apache\tomcat\embed\tomcat-embed-el\10.1.41\tomcat-embed-el-10.1.41.jar;C:\Users\gabri\.m2\repository\org\hibernate\validator\hibernate-validator\8.0.2.Final\hibernate-validator-8.0.2.Final.jar;C:\Users\gabri\.m2\repository\jakarta\validation\jakarta.validation-api\3.0.2\jakarta.validation-api-3.0.2.jar;C:\Users\gabri\.m2\repository\org\postgresql\postgresql\42.7.5\postgresql-42.7.5.jar;C:\Users\gabri\.m2\repository\org\checkerframework\checker-qual\3.48.3\checker-qual-3.48.3.jar;C:\Users\gabri\.m2\repository\io\github\encryptorcode\pluralize\1.0.0\pluralize-1.0.0.jar;C:\Users\gabri\.m2\repository\org\springdoc\springdoc-openapi-starter-webmvc-ui\2.8.8\springdoc-openapi-starter-webmvc-ui-2.8.8.jar;C:\Users\gabri\.m2\repository\org\springdoc\springdoc-openapi-starter-webmvc-api\2.8.8\springdoc-openapi-starter-webmvc-api-2.8.8.jar;C:\Users\gabri\.m2\repository\org\springdoc\springdoc-openapi-starter-common\2.8.8\springdoc-openapi-starter-common-2.8.8.jar;C:\Users\gabri\.m2\repository\io\swagger\core\v3\swagger-core-jakarta\2.2.30\swagger-core-jakarta-2.2.30.jar;C:\Users\gabri\.m2\repository\org\apache\commons\commons-lang3\3.17.0\commons-lang3-3.17.0.jar;C:\Users\gabri\.m2\repository\io\swagger\core\v3\swagger-annotations-jakarta\2.2.30\swagger-annotations-jakarta-2.2.30.jar;C:\Users\gabri\.m2\repository\io\swagger\core\v3\swagger-models-jakarta\2.2.30\swagger-models-jakarta-2.2.30.jar;C:\Users\gabri\.m2\repository\com\fasterxml\jackson\dataformat\jackson-dataformat-yaml\2.19.0\jackson-dataformat-yaml-2.19.0.jar;C:\Users\gabri\.m2\repository\org\webjars\swagger-ui\5.21.0\swagger-ui-5.21.0.jar;C:\Users\gabri\.m2\repository\org\webjars\webjars-locator-lite\1.1.0\webjars-locator-lite-1.1.0.jar;C:\Users\gabri\.m2\repository\org\jspecify\jspecify\1.0.0\jspecify-1.0.0.jar;C:\Users\gabri\.m2\repository\org\flywaydb\flyway-database-postgresql\11.7.2\flyway-database-postgresql-11.7.2.jar;C:\Users\gabri\.m2\repository\org\flywaydb\flyway-core\11.7.2\flyway-core-11.7.2.jar;C:\Users\gabri\.m2\repository\com\fasterxml\jackson\dataformat\jackson-dataformat-toml\2.19.0\jackson-dataformat-toml-2.19.0.jar;C:\Users\gabri\.m2\repository\com\fasterxml\jackson\datatype\jackson-datatype-jsr310\2.19.0\jackson-datatype-jsr310-2.19.0.jar;C:\Users\gabri\.m2\repository\io\jsonwebtoken\jjwt-api\0.12.6\jjwt-api-0.12.6.jar;C:\Users\gabri\.m2\repository\io\jsonwebtoken\jjwt-impl\0.12.6\jjwt-impl-0.12.6.jar;C:\Users\gabri\.m2\repository\io\jsonwebtoken\jjwt-jackson\0.12.6\jjwt-jackson-0.12.6.jar
Launcher Type: SUN_STANDARD

[Global flags]
     intx CICompilerCount                          = 12                                        {product} {ergonomic}
     uint ConcGCThreads                            = 4                                         {product} {ergonomic}
     bool FlightRecorder                           = true                                      {product} {management}
     uint G1ConcRefinementThreads                  = 15                                        {product} {ergonomic}
   size_t G1HeapRegionSize                         = 2097152                                   {product} {ergonomic}
   size_t InitialHeapSize                          = 264241152                                 {product} {ergonomic}
   size_t MarkStackSize                            = 4194304                                   {product} {ergonomic}
   size_t MarkStackSizeMax                         = 536870912                                 {product} {ergonomic}
   size_t MaxHeapSize                              = 4215275520                                {product} {ergonomic}
   size_t MaxNewSize                               = 2529165312                                {product} {ergonomic}
   size_t MinHeapDeltaBytes                        = 2097152                                   {product} {ergonomic}
   size_t MinHeapSize                              = 8388608                                   {product} {ergonomic}
    uintx NonNMethodCodeHeapSize                   = 7602176                                {pd product} {ergonomic}
    uintx NonProfiledCodeHeapSize                  = 122093568                              {pd product} {ergonomic}
    uintx ProfiledCodeHeapSize                     = 121962496                              {pd product} {ergonomic}
    uintx ReservedCodeCacheSize                    = 251658240                              {pd product} {ergonomic}
     bool SegmentedCodeCache                       = true                                      {product} {ergonomic}
   size_t SoftMaxHeapSize                          = 4215275520                             {manageable} {ergonomic}
     bool UseCompressedOops                        = true                           {product lp64_product} {ergonomic}
     bool UseG1GC                                  = true                                      {product} {ergonomic}
     bool UseLargePagesIndividualAllocation        = false                                  {pd product} {ergonomic}

Logging:
Log output configuration:
 #0: stdout all=warning uptime,level,tags foldmultilines=false
 #1: stderr all=off uptime,level,tags foldmultilines=false

Environment Variables:
PATH=C:\Program Files\Common Files\Oracle\Java\javapath;C:\Program Files (x86)\Common Files\Oracle\Java\javapath;C:\WINDOWS\system32;C:\WINDOWS;C:\WINDOWS\System32\Wbem;C:\WINDOWS\System32\WindowsPowerShell\v1.0\;C:\WINDOWS\System32\OpenSSH\;C:\ProgramData\chocolatey\bin;C:\Program Files\Git\cmd;C:\Program Files (x86)\Microsoft SQL Server\160\Tools\Binn\;C:\Program Files\Microsoft SQL Server\160\Tools\Binn\;C:\Program Files\Microsoft SQL Server\Client SDK\ODBC\170\Tools\Binn\;C:\Program Files\Microsoft SQL Server\160\DTS\Binn\;C:\Program Files (x86)\Microsoft SQL Server\160\DTS\Binn\;C:\Program Files\dotnet\;C:\Program Files (x86)\Windows Kits\10\Windows Performance Toolkit\;C:\Program Files\Microsoft SQL Server\150\Tools\Binn\;C:\Program Files\nodejs\;C:\Program Files\MySQL\MySQL Shell 8.0\bin\;C:\Users\gabri\AppData\Local\Programs\Python\Launcher\;C:\Users\gabri\AppData\Local\Microsoft\WindowsApps;C:\Users\gabri\.dotnet\tools;C:\Users\gabri\AppData\Local\Programs\Microsoft VS Code\bin;C:\Users\gabri\AppData\Local\JetBrains\Toolbox\scripts;C:\Flutter\flutter\bin;C:\Users\gabri\AppData\Local\Programs\Python\Python312\Scripts;C:\Users\gabri\.dotnet\tools;C:\SQLite;C:\Users\gabri\AppData\Roaming\npm;C:\Program Files\MySQL\MySQL Server 8.0\bin;C:\Users\gabri\OneDrive\Desktop\q mimporta\apache-maven-3.9.10-bin\apache-maven-3.9.10;C:\Users\gabri\AppData\Local\Programs\cursor\resources\app\bin;C:\Users\gabri\AppData\Local\Microsoft\WindowsApps;
USERNAME=gabri
OS=Windows_NT
PROCESSOR_IDENTIFIER=Intel64 Family 6 Model 186 Stepping 2, GenuineIntel
TMP=C:\Users\gabri\AppData\Local\Temp
TEMP=C:\Users\gabri\AppData\Local\Temp




Periodic native trim disabled

---------------  S Y S T E M  ---------------

OS:
 Windows 11 , 64 bit Build 26100 (10.0.26100.8328)
OS uptime: 0 days 10:09 hours
Hyper-V role detected

CPU: total 20 (initial active 20) (10 cores per cpu, 2 threads per core) family 6 model 186 stepping 2 microcode 0x4121, cx8, cmov, fxsr, ht, mmx, 3dnowpref, sse, sse2, sse3, ssse3, sse4.1, sse4.2, popcnt, lzcnt, tsc, tscinvbit, avx, avx2, aes, erms, clmul, bmi1, bmi2, adx, sha, fma, vzeroupper, clflush, clflushopt, clwb, hv, serialize, rdtscp, rdpid, fsrm, gfni, f16c, cet_ibt, cet_ss
Processor Information for processor 0
  Max Mhz: 2400, Current Mhz: 2400, Mhz Limit: 2400
Processor Information for processor 1
  Max Mhz: 2400, Current Mhz: 2400, Mhz Limit: 2400
Processor Information for processor 2
  Max Mhz: 2400, Current Mhz: 2400, Mhz Limit: 2400
Processor Information for processor 3
  Max Mhz: 2400, Current Mhz: 2400, Mhz Limit: 2400
Processor Information for processor 4
  Max Mhz: 2400, Current Mhz: 2400, Mhz Limit: 2400
Processor Information for processor 5
  Max Mhz: 2400, Current Mhz: 2400, Mhz Limit: 2400
Processor Information for processor 6
  Max Mhz: 2400, Current Mhz: 2400, Mhz Limit: 2400
Processor Information for processor 7
  Max Mhz: 2400, Current Mhz: 2400, Mhz Limit: 2400
Processor Information for processor 8
  Max Mhz: 2400, Current Mhz: 2400, Mhz Limit: 2400
Processor Information for processor 9
  Max Mhz: 2400, Current Mhz: 2400, Mhz Limit: 2400
Processor Information for processor 10
  Max Mhz: 2400, Current Mhz: 2400, Mhz Limit: 2400
Processor Information for processor 11
  Max Mhz: 2400, Current Mhz: 2400, Mhz Limit: 2400
Processor Information for processor 12
  Max Mhz: 2400, Current Mhz: 1800, Mhz Limit: 1800
Processor Information for processor 13
  Max Mhz: 2400, Current Mhz: 1800, Mhz Limit: 1800
Processor Information for processor 14
  Max Mhz: 2400, Current Mhz: 1800, Mhz Limit: 1800
Processor Information for processor 15
  Max Mhz: 2400, Current Mhz: 1800, Mhz Limit: 1800
Processor Information for processor 16
  Max Mhz: 2400, Current Mhz: 1800, Mhz Limit: 1800
Processor Information for processor 17
  Max Mhz: 2400, Current Mhz: 1800, Mhz Limit: 1800
Processor Information for processor 18
  Max Mhz: 2400, Current Mhz: 1800, Mhz Limit: 1800
Processor Information for processor 19
  Max Mhz: 2400, Current Mhz: 1500, Mhz Limit: 1800

Memory: 4k page, system-wide physical 16077M (1877M free)
TotalPageFile size 33193M (AvailPageFile size 1186M)
current process WorkingSet (physical memory assigned to process): 140M, peak: 140M
current process commit charge ("private bytes"): 438M, peak: 438M

vm_info: OpenJDK 64-Bit Server VM (24+36-3646) for windows-amd64 JRE (24+36-3646), built on 2025-02-06T00:20:43Z with MS VC++ 17.6 (VS2022)

END.
